[28.06.2021 15:09:45]Information>DB>transfer LE and HE Currents to target_t: 51297.1.1
[28.06.2021 15:09:45]Information>DB>transfer LE and HE Currents to target_t: 51298.1.1
[28.06.2021 15:09:45]Information>DB>transfer LE and HE Currents to target_t: 51299.1.1
[28.06.2021 15:09:45]Information>DB>transfer LE and HE Currents to target_t: 51309.1.1
[28.06.2021 15:09:45]Information>DB>transfer LE and HE Currents to target_t: 51310.1.1
[28.06.2021 15:09:46]Information>DB>transfer LE and HE Currents to target_t: 51311.1.1
[28.06.2021 15:09:46]Information>DB>transfer LE and HE Currents to target_t: 51381.1.1
[28.06.2021 15:09:46]Information>DB>transfer LE and HE Currents to target_t: 51382.1.1
[28.06.2021 15:09:46]Information>DB>transfer LE and HE Currents to target_t: 51429.1.1
[28.06.2021 15:09:46]Information>DB>transfer LE and HE Currents to target_t: 51430.1.1
[28.06.2021 15:09:46]Information>DB>transfer LE and HE Currents to target_t: 51438.1.1
[28.06.2021 15:09:46]Information>DB>transfer LE and HE Currents to target_t: 51439.1.1
[28.06.2021 15:09:46]Information>DB>transfer LE and HE Currents to target_t: 51448.1.1
[28.06.2021 15:09:46]Information>DB>transfer LE and HE Currents to target_t: 51455.1.1
[28.06.2021 15:09:46]Information>DB>transfer LE and HE Currents to target_t: 51456.1.1
[28.06.2021 15:09:46]Information>DB>transfer LE and HE Currents to target_t: 51457.1.1
[28.06.2021 15:09:47]Information>DB>transfer LE and HE Currents to target_t: 51523.1.1
[28.06.2021 15:09:47]Information>DB>transfer LE and HE Currents to target_t: 51524.1.1
[28.06.2021 15:09:47]Information>DB>transfer LE and HE Currents to target_t: 51525.1.1
[28.06.2021 15:09:47]Information>DB>transfer LE and HE Currents to target_t: 51526.1.1
[28.06.2021 15:09:47]Information>DB>transfer LE and HE Currents to target_t: 51527.1.1
[28.06.2021 15:09:47]Information>DB>transfer LE and HE Currents to target_t: 51532.1.1
[28.06.2021 15:09:47]Information>DB>transfer LE and HE Currents to target_t: 51542.1.1
[28.06.2021 15:09:47]Information>DB>transfer LE and HE Currents to target_t: 51544.1.1
[28.06.2021 15:09:47]Information>DB>transfer LE and HE Currents to target_t: 51546.1.1
[28.06.2021 15:09:47]Information>DB>transfer LE and HE Currents to target_t: 51547.1.1
[28.06.2021 15:09:47]Information>DB>transfer LE and HE Currents to target_t: 51548.1.1
[28.06.2021 15:09:47]Information>DB>transfer LE and HE Currents to target_t: 51566.1.1
[28.06.2021 15:09:47]Information>DB>transfer LE and HE Currents to target_t: 51568.1.1
[28.06.2021 15:09:48]Information>DB>transfer LE and HE Currents to target_t: 51569.1.1
[28.06.2021 15:09:48]Information>DB>transfer LE and HE Currents to target_t: 51571.1.1
[28.06.2021 15:09:48]Information>DB>transfer LE and HE Currents to target_t: 51572.1.1
[28.06.2021 15:09:48]Information>DB>transfer LE and HE Currents to target_t: 51573.1.1
[28.06.2021 15:09:48]Information>DB>transfer LE and HE Currents to target_t: 51574.1.1
[28.06.2021 15:09:49]Information>DB>Get data of all targets of selected magazine
[28.06.2021 15:09:49]Information>SQLQuery>SELECT sample_t.sample_nr, target_t.prep_nr, target_t.target_nr FROM sample_t  INNER JOIN target_t ON sample_t.sample_nr=target_t.sample_nr  WHERE target_t.magazine = "MA210602ICOS"
[28.06.2021 15:09:49]Information>DB>query db_dc14 Database for Le and He Currents
[28.06.2021 15:09:49]Information>DB>fill string grid with data from query
[28.06.2021 15:09:49]Information>DB>fill string grid with data from query
[28.06.2021 15:09:50]Information>DB>fill string grid with data from query
[28.06.2021 15:09:50]Information>DB>fill string grid with data from query
[28.06.2021 15:09:50]Information>DB>fill string grid with data from query
[28.06.2021 15:09:50]Information>DB>fill string grid with data from query
[28.06.2021 15:09:50]Information>DB>fill string grid with data from query
[28.06.2021 15:09:50]Information>DB>fill string grid with data from query
[28.06.2021 15:09:50]Information>DB>fill string grid with data from query
[28.06.2021 15:09:50]Information>DB>fill string grid with data from query
[28.06.2021 15:09:50]Information>DB>fill string grid with data from query
[28.06.2021 15:09:50]Information>DB>fill string grid with data from query
[28.06.2021 15:09:50]Information>DB>fill string grid with data from query
[28.06.2021 15:09:50]Information>DB>fill string grid with data from query
[28.06.2021 15:09:51]Information>DB>fill string grid with data from query
[28.06.2021 15:09:51]Information>DB>fill string grid with data from query
[28.06.2021 15:09:51]Information>DB>fill string grid with data from query
[28.06.2021 15:09:51]Information>DB>fill string grid with data from query
[28.06.2021 15:09:51]Information>DB>fill string grid with data from query
[28.06.2021 15:09:51]Information>DB>fill string grid with data from query
[28.06.2021 15:09:51]Information>DB>fill string grid with data from query
[28.06.2021 15:09:51]Information>DB>fill string grid with data from query
[28.06.2021 15:09:51]Information>DB>fill string grid with data from query
[28.06.2021 15:09:51]Information>DB>fill string grid with data from query
[28.06.2021 15:09:52]Information>DB>fill string grid with data from query
[28.06.2021 15:09:52]Information>DB>fill string grid with data from query
[28.06.2021 15:09:52]Information>DB>fill string grid with data from query
[28.06.2021 15:09:52]Information>DB>fill string grid with data from query
[28.06.2021 15:09:52]Information>DB>fill string grid with data from query
[28.06.2021 15:09:52]Information>DB>fill string grid with data from query
[28.06.2021 15:09:52]Information>DB>fill string grid with data from query
[28.06.2021 15:09:52]Information>DB>fill string grid with data from query
[28.06.2021 15:09:52]Information>DB>fill string grid with data from query
[28.06.2021 15:09:52]Information>DB>fill string grid with data from query
[28.06.2021 15:09:52]Information>DB>fill string grid with data from query
[28.06.2021 15:09:52]Information>DB>fill string grid with data from query
[28.06.2021 15:09:52]Information>DB>fill string grid with data from query
[28.06.2021 15:09:55]Information>DB>transfer LE and HE Currents to target_t: 51199.1.1
[28.06.2021 15:09:55]Information>DB>transfer LE and HE Currents to target_t: 51200.1.1
[28.06.2021 15:09:55]Information>DB>transfer LE and HE Currents to target_t: 51201.1.1
[28.06.2021 15:09:56]Information>DB>transfer LE and HE Currents to target_t: 51202.1.1
[28.06.2021 15:09:56]Information>DB>transfer LE and HE Currents to target_t: 51203.1.1
[28.06.2021 15:09:56]Information>DB>transfer LE and HE Currents to target_t: 51204.1.1
[28.06.2021 15:09:56]Information>DB>transfer LE and HE Currents to target_t: 51205.1.1
[28.06.2021 15:09:56]Information>DB>transfer LE and HE Currents to target_t: 51213.1.1
[28.06.2021 15:09:56]Information>DB>transfer LE and HE Currents to target_t: 51214.1.1
[28.06.2021 15:09:56]Information>DB>transfer LE and HE Currents to target_t: 51215.1.1
[28.06.2021 15:09:56]Information>DB>transfer LE and HE Currents to target_t: 51216.1.1
[28.06.2021 15:09:56]Information>DB>transfer LE and HE Currents to target_t: 51238.1.1
[28.06.2021 15:09:56]Information>DB>transfer LE and HE Currents to target_t: 51239.1.1
[28.06.2021 15:09:56]Information>DB>transfer LE and HE Currents to target_t: 51241.1.1
[28.06.2021 15:09:56]Information>DB>transfer LE and HE Currents to target_t: 51242.1.1
[28.06.2021 15:09:56]Information>DB>transfer LE and HE Currents to target_t: 51300.1.1
[28.06.2021 15:09:57]Information>DB>transfer LE and HE Currents to target_t: 51301.1.1
[28.06.2021 15:09:57]Information>DB>transfer LE and HE Currents to target_t: 51312.1.1
[28.06.2021 15:09:57]Information>DB>transfer LE and HE Currents to target_t: 51313.1.1
[28.06.2021 15:09:57]Information>DB>transfer LE and HE Currents to target_t: 51314.1.1
[28.06.2021 15:09:57]Information>DB>transfer LE and HE Currents to target_t: 51315.1.1
[28.06.2021 15:09:57]Information>DB>transfer LE and HE Currents to target_t: 51316.1.1
[28.06.2021 15:09:57]Information>DB>transfer LE and HE Currents to target_t: 51317.1.1
[28.06.2021 15:09:57]Information>DB>transfer LE and HE Currents to target_t: 51318.1.1
[28.06.2021 15:09:57]Information>DB>transfer LE and HE Currents to target_t: 51319.1.1
[28.06.2021 15:09:57]Information>DB>transfer LE and HE Currents to target_t: 51320.1.1
[28.06.2021 15:09:57]Information>DB>transfer LE and HE Currents to target_t: 51383.1.1
[28.06.2021 15:09:57]Information>DB>transfer LE and HE Currents to target_t: 51384.1.1
[28.06.2021 15:09:57]Information>DB>transfer LE and HE Currents to target_t: 51385.1.1
[28.06.2021 15:09:58]Information>DB>transfer LE and HE Currents to target_t: 51386.1.1
[28.06.2021 15:09:58]Information>DB>transfer LE and HE Currents to target_t: 51387.1.1
[28.06.2021 15:09:58]Information>DB>transfer LE and HE Currents to target_t: 51388.1.1
[28.06.2021 15:09:58]Information>DB>transfer LE and HE Currents to target_t: 51431.1.1
[28.06.2021 15:09:58]Information>DB>transfer LE and HE Currents to target_t: 51434.1.1
[28.06.2021 15:09:58]Information>DB>transfer LE and HE Currents to target_t: 51435.1.1
[28.06.2021 15:09:58]Information>DB>transfer LE and HE Currents to target_t: 51436.1.1
[28.06.2021 15:09:58]Information>DB>transfer LE and HE Currents to target_t: 51437.1.1
[28.06.2021 15:09:59]Information>DB>Get data of all targets of selected magazine
[28.06.2021 15:09:59]Information>SQLQuery>SELECT sample_t.sample_nr, target_t.prep_nr, target_t.target_nr FROM sample_t  INNER JOIN target_t ON sample_t.sample_nr=target_t.sample_nr  WHERE target_t.magazine = "MA210521ICOS"
[28.06.2021 15:09:59]Information>DB>query db_dc14 Database for Le and He Currents
[28.06.2021 15:09:59]Information>DB>fill string grid with data from query
[28.06.2021 15:09:59]Information>DB>fill string grid with data from query
[28.06.2021 15:09:59]Information>DB>fill string grid with data from query
[28.06.2021 15:10:00]Information>DB>fill string grid with data from query
[28.06.2021 15:10:00]Information>DB>fill string grid with data from query
[28.06.2021 15:10:00]Information>DB>fill string grid with data from query
[28.06.2021 15:10:00]Information>DB>fill string grid with data from query
[28.06.2021 15:10:00]Information>DB>fill string grid with data from query
[28.06.2021 15:10:00]Information>DB>fill string grid with data from query
[28.06.2021 15:10:00]Information>DB>fill string grid with data from query
[28.06.2021 15:10:00]Information>DB>fill string grid with data from query
[28.06.2021 15:10:00]Information>DB>fill string grid with data from query
[28.06.2021 15:10:00]Information>DB>fill string grid with data from query
[28.06.2021 15:10:00]Information>DB>fill string grid with data from query
[28.06.2021 15:10:00]Information>DB>fill string grid with data from query
[28.06.2021 15:10:01]Information>DB>fill string grid with data from query
[28.06.2021 15:10:01]Information>DB>fill string grid with data from query
[28.06.2021 15:10:01]Information>DB>fill string grid with data from query
[28.06.2021 15:10:01]Information>DB>fill string grid with data from query
[28.06.2021 15:10:01]Information>DB>fill string grid with data from query
[28.06.2021 15:10:01]Information>DB>fill string grid with data from query
[28.06.2021 15:10:01]Information>DB>fill string grid with data from query
[28.06.2021 15:10:01]Information>DB>fill string grid with data from query
[28.06.2021 15:10:01]Information>DB>fill string grid with data from query
[28.06.2021 15:10:01]Information>DB>fill string grid with data from query
[28.06.2021 15:10:01]Information>DB>fill string grid with data from query
[28.06.2021 15:10:01]Information>DB>fill string grid with data from query
[28.06.2021 15:10:02]Information>DB>fill string grid with data from query
[28.06.2021 15:10:02]Information>DB>fill string grid with data from query
[28.06.2021 15:10:02]Information>DB>fill string grid with data from query
[28.06.2021 15:10:02]Information>DB>fill string grid with data from query
[28.06.2021 15:10:02]Information>DB>fill string grid with data from query
[28.06.2021 15:10:02]Information>DB>fill string grid with data from query
[28.06.2021 15:10:02]Information>DB>fill string grid with data from query
[28.06.2021 15:10:02]Information>DB>fill string grid with data from query
[28.06.2021 15:10:02]Information>DB>fill string grid with data from query
[28.06.2021 15:10:02]Information>DB>fill string grid with data from query
[28.06.2021 15:10:02]Information>DB>fill string grid with data from query
[28.06.2021 15:10:02]Information>DB>fill string grid with data from query
[28.06.2021 15:10:05]Information>DB>transfer LE and HE Currents to target_t: 50878.1.1
[28.06.2021 15:10:05]Information>DB>transfer LE and HE Currents to target_t: 50879.1.1
[28.06.2021 15:10:05]Information>DB>transfer LE and HE Currents to target_t: 51032.1.1
[28.06.2021 15:10:05]Information>DB>transfer LE and HE Currents to target_t: 51033.1.1
[28.06.2021 15:10:05]Information>DB>transfer LE and HE Currents to target_t: 51034.1.1
[28.06.2021 15:10:05]Information>DB>transfer LE and HE Currents to target_t: 51035.1.1
[28.06.2021 15:10:05]Information>DB>transfer LE and HE Currents to target_t: 51043.1.1
[28.06.2021 15:10:05]Information>DB>transfer LE and HE Currents to target_t: 51079.1.1
[28.06.2021 15:10:05]Information>DB>transfer LE and HE Currents to target_t: 51080.1.1
[28.06.2021 15:10:05]Information>DB>transfer LE and HE Currents to target_t: 51081.1.1
[28.06.2021 15:10:05]Information>DB>transfer LE and HE Currents to target_t: 51082.1.1
[28.06.2021 15:10:05]Information>DB>transfer LE and HE Currents to target_t: 51083.1.1
[28.06.2021 15:10:05]Information>DB>transfer LE and HE Currents to target_t: 51084.1.1
[28.06.2021 15:10:06]Information>DB>transfer LE and HE Currents to target_t: 51089.1.1
[28.06.2021 15:10:06]Information>DB>transfer LE and HE Currents to target_t: 51198.1.1
[28.06.2021 15:10:06]Information>DB>transfer LE and HE Currents to target_t: 51206.1.1
[28.06.2021 15:10:06]Information>DB>transfer LE and HE Currents to target_t: 51207.1.1
[28.06.2021 15:10:06]Information>DB>transfer LE and HE Currents to target_t: 51208.1.1
[28.06.2021 15:10:06]Information>DB>transfer LE and HE Currents to target_t: 51209.1.1
[28.06.2021 15:10:06]Information>DB>transfer LE and HE Currents to target_t: 51217.1.1
[28.06.2021 15:10:06]Information>DB>transfer LE and HE Currents to target_t: 51218.1.1
[28.06.2021 15:10:06]Information>DB>transfer LE and HE Currents to target_t: 51219.1.1
[28.06.2021 15:10:06]Information>DB>transfer LE and HE Currents to target_t: 51220.1.1
[28.06.2021 15:10:06]Information>DB>transfer LE and HE Currents to target_t: 51221.1.1
[28.06.2021 15:10:06]Information>DB>transfer LE and HE Currents to target_t: 51222.1.1
[28.06.2021 15:10:07]Information>DB>transfer LE and HE Currents to target_t: 51223.1.1
[28.06.2021 15:10:07]Information>DB>transfer LE and HE Currents to target_t: 51224.1.1
[28.06.2021 15:10:07]Information>DB>transfer LE and HE Currents to target_t: 51240.1.1
[28.06.2021 15:10:07]Information>DB>transfer LE and HE Currents to target_t: 51243.1.1
[28.06.2021 15:10:07]Information>DB>transfer LE and HE Currents to target_t: 51244.1.1
[28.06.2021 15:10:07]Information>DB>transfer LE and HE Currents to target_t: 51245.1.1
[28.06.2021 15:10:07]Information>DB>transfer LE and HE Currents to target_t: 51246.1.1
[28.06.2021 15:10:07]Information>DB>transfer LE and HE Currents to target_t: 51247.1.1
[28.06.2021 15:10:07]Information>DB>transfer LE and HE Currents to target_t: 51248.1.1
[28.06.2021 15:10:07]Information>DB>transfer LE and HE Currents to target_t: 51249.1.1
[28.06.2021 15:10:07]Information>DB>transfer LE and HE Currents to target_t: 51302.1.1
[28.06.2021 15:10:07]Information>DB>transfer LE and HE Currents to target_t: 51303.1.1
[28.06.2021 15:10:08]Information>DB>transfer LE and HE Currents to target_t: 51304.1.1
[28.06.2021 15:10:08]Information>DB>transfer LE and HE Currents to target_t: 51305.1.1
[28.06.2021 15:10:08]Information>DB>Get data of all targets of selected magazine
[28.06.2021 15:10:08]Information>SQLQuery>SELECT sample_t.sample_nr, target_t.prep_nr, target_t.target_nr FROM sample_t  INNER JOIN target_t ON sample_t.sample_nr=target_t.sample_nr  WHERE target_t.magazine = "MA210507ICOS"
[28.06.2021 15:10:09]Information>DB>query db_dc14 Database for Le and He Currents
[28.06.2021 15:10:09]Information>DB>fill string grid with data from query
[28.06.2021 15:10:09]Information>DB>fill string grid with data from query
[28.06.2021 15:10:09]Information>DB>fill string grid with data from query
[28.06.2021 15:10:09]Information>DB>fill string grid with data from query
[28.06.2021 15:10:09]Information>DB>fill string grid with data from query
[28.06.2021 15:10:09]Information>DB>fill string grid with data from query
[28.06.2021 15:10:09]Information>DB>fill string grid with data from query
[28.06.2021 15:10:09]Information>DB>fill string grid with data from query
[28.06.2021 15:10:09]Information>DB>fill string grid with data from query
[28.06.2021 15:10:10]Information>DB>fill string grid with data from query
[28.06.2021 15:10:10]Information>DB>fill string grid with data from query
[28.06.2021 15:10:10]Information>DB>fill string grid with data from query
[28.06.2021 15:10:10]Information>DB>fill string grid with data from query
[28.06.2021 15:10:10]Information>DB>fill string grid with data from query
[28.06.2021 15:10:10]Information>DB>fill string grid with data from query
[28.06.2021 15:10:10]Information>DB>fill string grid with data from query
[28.06.2021 15:10:10]Information>DB>fill string grid with data from query
[28.06.2021 15:10:10]Information>DB>fill string grid with data from query
[28.06.2021 15:10:10]Information>DB>fill string grid with data from query
[28.06.2021 15:10:10]Information>DB>fill string grid with data from query
[28.06.2021 15:10:10]Information>DB>fill string grid with data from query
[28.06.2021 15:10:11]Information>DB>fill string grid with data from query
[28.06.2021 15:10:11]Information>DB>fill string grid with data from query
[28.06.2021 15:10:11]Information>DB>fill string grid with data from query
[28.06.2021 15:10:11]Information>DB>fill string grid with data from query
[28.06.2021 15:10:11]Information>DB>fill string grid with data from query
[28.06.2021 15:10:11]Information>DB>fill string grid with data from query
[28.06.2021 15:10:11]Information>DB>fill string grid with data from query
[28.06.2021 15:10:11]Information>DB>fill string grid with data from query
[28.06.2021 15:10:11]Information>DB>fill string grid with data from query
[28.06.2021 15:10:11]Information>DB>fill string grid with data from query
[28.06.2021 15:10:11]Information>DB>fill string grid with data from query
[28.06.2021 15:10:11]Information>DB>fill string grid with data from query
[28.06.2021 15:10:12]Information>DB>fill string grid with data from query
[28.06.2021 15:10:12]Information>DB>fill string grid with data from query
[28.06.2021 15:10:12]Information>DB>fill string grid with data from query
[28.06.2021 15:10:12]Information>DB>fill string grid with data from query
[28.06.2021 15:10:12]Information>DB>fill string grid with data from query
[28.06.2021 15:10:12]Information>DB>fill string grid with data from query
[28.06.2021 15:10:14]Information>DB>transfer LE and HE Currents to target_t: 50856.1.1
[28.06.2021 15:10:14]Information>DB>transfer LE and HE Currents to target_t: 50857.1.1
[28.06.2021 15:10:14]Information>DB>transfer LE and HE Currents to target_t: 50874.1.1
[28.06.2021 15:10:14]Information>DB>transfer LE and HE Currents to target_t: 50875.1.1
[28.06.2021 15:10:14]Information>DB>transfer LE and HE Currents to target_t: 50876.1.1
[28.06.2021 15:10:15]Information>DB>transfer LE and HE Currents to target_t: 50877.1.1
[28.06.2021 15:10:15]Information>DB>transfer LE and HE Currents to target_t: 50907.1.1
[28.06.2021 15:10:15]Information>DB>transfer LE and HE Currents to target_t: 50937.1.1
[28.06.2021 15:10:15]Information>DB>transfer LE and HE Currents to target_t: 50938.1.1
[28.06.2021 15:10:15]Information>DB>transfer LE and HE Currents to target_t: 50941.1.1
[28.06.2021 15:10:15]Information>DB>transfer LE and HE Currents to target_t: 50942.1.1
[28.06.2021 15:10:15]Information>DB>transfer LE and HE Currents to target_t: 50943.1.1
[28.06.2021 15:10:15]Information>DB>transfer LE and HE Currents to target_t: 50944.1.1
[28.06.2021 15:10:15]Information>DB>transfer LE and HE Currents to target_t: 50945.1.1
[28.06.2021 15:10:15]Information>DB>transfer LE and HE Currents to target_t: 50946.1.1
[28.06.2021 15:10:15]Information>DB>transfer LE and HE Currents to target_t: 50947.1.1
[28.06.2021 15:10:15]Information>DB>transfer LE and HE Currents to target_t: 50948.1.1
[28.06.2021 15:10:16]Information>DB>transfer LE and HE Currents to target_t: 50961.1.1
[28.06.2021 15:10:16]Information>DB>transfer LE and HE Currents to target_t: 50962.1.1
[28.06.2021 15:10:16]Information>DB>transfer LE and HE Currents to target_t: 50963.1.1
[28.06.2021 15:10:16]Information>DB>transfer LE and HE Currents to target_t: 50964.1.1
[28.06.2021 15:10:16]Information>DB>transfer LE and HE Currents to target_t: 50965.1.1
[28.06.2021 15:10:16]Information>DB>transfer LE and HE Currents to target_t: 50966.1.1
[28.06.2021 15:10:16]Information>DB>transfer LE and HE Currents to target_t: 50967.1.1
[28.06.2021 15:10:16]Information>DB>transfer LE and HE Currents to target_t: 50968.1.1
[28.06.2021 15:10:16]Information>DB>transfer LE and HE Currents to target_t: 50969.1.1
[28.06.2021 15:10:16]Information>DB>transfer LE and HE Currents to target_t: 50970.1.1
[28.06.2021 15:10:16]Information>DB>transfer LE and HE Currents to target_t: 50971.1.1
[28.06.2021 15:10:16]Information>DB>transfer LE and HE Currents to target_t: 50972.1.1
[28.06.2021 15:10:16]Information>DB>transfer LE and HE Currents to target_t: 51036.1.1
[28.06.2021 15:10:17]Information>DB>transfer LE and HE Currents to target_t: 51037.1.1
[28.06.2021 15:10:17]Information>DB>transfer LE and HE Currents to target_t: 51038.1.1
[28.06.2021 15:10:17]Information>DB>transfer LE and HE Currents to target_t: 51039.1.1
[28.06.2021 15:10:17]Information>DB>transfer LE and HE Currents to target_t: 51040.1.1
[28.06.2021 15:10:17]Information>DB>transfer LE and HE Currents to target_t: 51041.1.1
[28.06.2021 15:10:17]Information>DB>transfer LE and HE Currents to target_t: 51085.1.1
[28.06.2021 15:10:17]Information>DB>transfer LE and HE Currents to target_t: 51086.1.1
[28.06.2021 15:10:17]Information>DB>transfer LE and HE Currents to target_t: 51087.1.1
[28.06.2021 15:10:17]Information>DB>transfer LE and HE Currents to target_t: 51088.1.1
[28.06.2021 15:10:18]Information>DB>Get data of all targets of selected magazine
[28.06.2021 15:10:18]Information>SQLQuery>SELECT sample_t.sample_nr, target_t.prep_nr, target_t.target_nr FROM sample_t  INNER JOIN target_t ON sample_t.sample_nr=target_t.sample_nr  WHERE target_t.magazine = "MA210503ICOS"
[28.06.2021 15:10:18]Information>DB>query db_dc14 Database for Le and He Currents
[28.06.2021 15:10:18]Information>DB>fill string grid with data from query
[28.06.2021 15:10:18]Information>DB>fill string grid with data from query
[28.06.2021 15:10:18]Information>DB>fill string grid with data from query
[28.06.2021 15:10:18]Information>DB>fill string grid with data from query
[28.06.2021 15:10:18]Information>DB>fill string grid with data from query
[28.06.2021 15:10:19]Information>DB>fill string grid with data from query
[28.06.2021 15:10:19]Information>DB>fill string grid with data from query
[28.06.2021 15:10:19]Information>DB>fill string grid with data from query
[28.06.2021 15:10:19]Information>DB>fill string grid with data from query
[28.06.2021 15:10:19]Information>DB>fill string grid with data from query
[28.06.2021 15:10:19]Information>DB>fill string grid with data from query
[28.06.2021 15:10:19]Information>DB>fill string grid with data from query
[28.06.2021 15:10:19]Information>DB>fill string grid with data from query
[28.06.2021 15:10:19]Information>DB>fill string grid with data from query
[28.06.2021 15:10:19]Information>DB>fill string grid with data from query
[28.06.2021 15:10:19]Information>DB>fill string grid with data from query
[28.06.2021 15:10:19]Information>DB>fill string grid with data from query
[28.06.2021 15:10:20]Information>DB>fill string grid with data from query
[28.06.2021 15:10:20]Information>DB>fill string grid with data from query
[28.06.2021 15:10:20]Information>DB>fill string grid with data from query
[28.06.2021 15:10:20]Information>DB>fill string grid with data from query
[28.06.2021 15:10:20]Information>DB>fill string grid with data from query
[28.06.2021 15:10:20]Information>DB>fill string grid with data from query
[28.06.2021 15:10:20]Information>DB>fill string grid with data from query
[28.06.2021 15:10:20]Information>DB>fill string grid with data from query
[28.06.2021 15:10:20]Information>DB>fill string grid with data from query
[28.06.2021 15:10:20]Information>DB>fill string grid with data from query
[28.06.2021 15:10:20]Information>DB>fill string grid with data from query
[28.06.2021 15:10:20]Information>DB>fill string grid with data from query
[28.06.2021 15:10:20]Information>DB>fill string grid with data from query
[28.06.2021 15:10:21]Information>DB>fill string grid with data from query
[28.06.2021 15:10:21]Information>DB>fill string grid with data from query
[28.06.2021 15:10:21]Information>DB>fill string grid with data from query
[28.06.2021 15:10:21]Information>DB>fill string grid with data from query
[28.06.2021 15:10:21]Information>DB>fill string grid with data from query
[28.06.2021 15:10:21]Information>DB>fill string grid with data from query
[28.06.2021 15:10:21]Information>DB>fill string grid with data from query
[28.06.2021 15:10:21]Information>DB>fill string grid with data from query
[28.06.2021 15:10:21]Information>DB>fill string grid with data from query
[28.06.2021 15:10:23]Information>DB>transfer LE and HE Currents to target_t: 50791.1.1
[28.06.2021 15:10:24]Information>DB>transfer LE and HE Currents to target_t: 50792.1.1
[28.06.2021 15:10:24]Information>DB>transfer LE and HE Currents to target_t: 50801.1.1
[28.06.2021 15:10:24]Information>DB>transfer LE and HE Currents to target_t: 50833.1.1
[28.06.2021 15:10:24]Information>DB>transfer LE and HE Currents to target_t: 50834.1.1
[28.06.2021 15:10:24]Information>DB>transfer LE and HE Currents to target_t: 50835.1.1
[28.06.2021 15:10:24]Information>DB>transfer LE and HE Currents to target_t: 50836.1.1
[28.06.2021 15:10:24]Information>DB>transfer LE and HE Currents to target_t: 50837.1.1
[28.06.2021 15:10:24]Information>DB>transfer LE and HE Currents to target_t: 50838.1.1
[28.06.2021 15:10:24]Information>DB>transfer LE and HE Currents to target_t: 50842.1.1
[28.06.2021 15:10:24]Information>DB>transfer LE and HE Currents to target_t: 50843.1.1
[28.06.2021 15:10:24]Information>DB>transfer LE and HE Currents to target_t: 50844.1.1
[28.06.2021 15:10:24]Information>DB>transfer LE and HE Currents to target_t: 50852.1.1
[28.06.2021 15:10:24]Information>DB>transfer LE and HE Currents to target_t: 50853.1.1
[28.06.2021 15:10:24]Information>DB>transfer LE and HE Currents to target_t: 50854.1.1
[28.06.2021 15:10:25]Information>DB>transfer LE and HE Currents to target_t: 50855.1.1
[28.06.2021 15:10:25]Information>DB>transfer LE and HE Currents to target_t: 50858.1.1
[28.06.2021 15:10:25]Information>DB>transfer LE and HE Currents to target_t: 50859.1.1
[28.06.2021 15:10:25]Information>DB>transfer LE and HE Currents to target_t: 50860.1.1
[28.06.2021 15:10:25]Information>DB>transfer LE and HE Currents to target_t: 50861.1.1
[28.06.2021 15:10:25]Information>DB>transfer LE and HE Currents to target_t: 50880.1.1
[28.06.2021 15:10:25]Information>DB>transfer LE and HE Currents to target_t: 50881.1.1
[28.06.2021 15:10:25]Information>DB>transfer LE and HE Currents to target_t: 50882.1.1
[28.06.2021 15:10:25]Information>DB>transfer LE and HE Currents to target_t: 50883.1.1
[28.06.2021 15:10:25]Information>DB>transfer LE and HE Currents to target_t: 50884.1.1
[28.06.2021 15:10:25]Information>DB>transfer LE and HE Currents to target_t: 50885.1.1
[28.06.2021 15:10:26]Information>DB>transfer LE and HE Currents to target_t: 50908.1.1
[28.06.2021 15:10:26]Information>DB>transfer LE and HE Currents to target_t: 50909.1.1
[28.06.2021 15:10:26]Information>DB>transfer LE and HE Currents to target_t: 50910.1.1
[28.06.2021 15:10:26]Information>DB>transfer LE and HE Currents to target_t: 50911.1.1
[28.06.2021 15:10:26]Information>DB>transfer LE and HE Currents to target_t: 50912.1.1
[28.06.2021 15:10:26]Information>DB>transfer LE and HE Currents to target_t: 50913.1.1
[28.06.2021 15:10:26]Information>DB>transfer LE and HE Currents to target_t: 50914.1.1
[28.06.2021 15:10:26]Information>DB>transfer LE and HE Currents to target_t: 50915.1.1
[28.06.2021 15:10:26]Information>DB>transfer LE and HE Currents to target_t: 50916.1.1
[28.06.2021 15:10:26]Information>DB>transfer LE and HE Currents to target_t: 50917.1.1
[28.06.2021 15:10:26]Information>DB>transfer LE and HE Currents to target_t: 50918.1.1
[28.06.2021 15:10:26]Information>DB>transfer LE and HE Currents to target_t: 50939.1.1
[28.06.2021 15:10:27]Information>DB>transfer LE and HE Currents to target_t: 50940.1.1
[28.06.2021 15:10:27]Information>DB>Get data of all targets of selected magazine
[28.06.2021 15:10:27]Information>SQLQuery>SELECT sample_t.sample_nr, target_t.prep_nr, target_t.target_nr FROM sample_t  INNER JOIN target_t ON sample_t.sample_nr=target_t.sample_nr  WHERE target_t.magazine = "MA210416ICOS"
[28.06.2021 15:10:28]Information>DB>query db_dc14 Database for Le and He Currents
[28.06.2021 15:10:28]Information>DB>fill string grid with data from query
[28.06.2021 15:10:28]Information>DB>fill string grid with data from query
[28.06.2021 15:10:28]Information>DB>fill string grid with data from query
[28.06.2021 15:10:28]Information>DB>fill string grid with data from query
[28.06.2021 15:10:28]Information>DB>fill string grid with data from query
[28.06.2021 15:10:28]Information>DB>fill string grid with data from query
[28.06.2021 15:10:28]Information>DB>fill string grid with data from query
[28.06.2021 15:10:28]Information>DB>fill string grid with data from query
[28.06.2021 15:10:28]Information>DB>fill string grid with data from query
[28.06.2021 15:10:28]Information>DB>fill string grid with data from query
[28.06.2021 15:10:28]Information>DB>fill string grid with data from query
[28.06.2021 15:10:29]Information>DB>fill string grid with data from query
[28.06.2021 15:10:29]Information>DB>fill string grid with data from query
[28.06.2021 15:10:29]Information>DB>fill string grid with data from query
[28.06.2021 15:10:29]Information>DB>fill string grid with data from query
[28.06.2021 15:10:29]Information>DB>fill string grid with data from query
[28.06.2021 15:10:29]Information>DB>fill string grid with data from query
[28.06.2021 15:10:29]Information>DB>fill string grid with data from query
[28.06.2021 15:10:29]Information>DB>fill string grid with data from query
[28.06.2021 15:10:29]Information>DB>fill string grid with data from query
[28.06.2021 15:10:29]Information>DB>fill string grid with data from query
[28.06.2021 15:10:29]Information>DB>fill string grid with data from query
[28.06.2021 15:10:29]Information>DB>fill string grid with data from query
[28.06.2021 15:10:30]Information>DB>fill string grid with data from query
[28.06.2021 15:10:30]Information>DB>fill string grid with data from query
[28.06.2021 15:10:30]Information>DB>fill string grid with data from query
[28.06.2021 15:10:30]Information>DB>fill string grid with data from query
[28.06.2021 15:10:30]Information>DB>fill string grid with data from query
[28.06.2021 15:10:30]Information>DB>fill string grid with data from query
[28.06.2021 15:10:30]Information>DB>fill string grid with data from query
[28.06.2021 15:10:30]Information>DB>fill string grid with data from query
[28.06.2021 15:10:30]Information>DB>fill string grid with data from query
[28.06.2021 15:10:30]Information>DB>fill string grid with data from query
[28.06.2021 15:10:30]Information>DB>fill string grid with data from query
[28.06.2021 15:10:30]Information>DB>fill string grid with data from query
[28.06.2021 15:10:30]Information>DB>fill string grid with data from query
[28.06.2021 15:10:31]Information>DB>fill string grid with data from query
[28.06.2021 15:10:31]Information>DB>fill string grid with data from query
[28.06.2021 15:10:31]Information>DB>fill string grid with data from query
[28.06.2021 15:10:34]Information>DB>transfer LE and HE Currents to target_t: 50535.1.1
[28.06.2021 15:10:34]Information>DB>transfer LE and HE Currents to target_t: 50536.1.1
[28.06.2021 15:10:34]Information>DB>transfer LE and HE Currents to target_t: 50537.1.1
[28.06.2021 15:10:34]Information>DB>transfer LE and HE Currents to target_t: 50538.1.1
[28.06.2021 15:10:34]Information>DB>transfer LE and HE Currents to target_t: 50630.1.1
[28.06.2021 15:10:34]Information>DB>transfer LE and HE Currents to target_t: 50631.1.1
[28.06.2021 15:10:34]Information>DB>transfer LE and HE Currents to target_t: 50644.1.1
[28.06.2021 15:10:34]Information>DB>transfer LE and HE Currents to target_t: 50731.1.1
[28.06.2021 15:10:34]Information>DB>transfer LE and HE Currents to target_t: 50735.1.1
[28.06.2021 15:10:34]Information>DB>transfer LE and HE Currents to target_t: 50741.1.1
[28.06.2021 15:10:34]Information>DB>transfer LE and HE Currents to target_t: 50742.1.1
[28.06.2021 15:10:34]Information>DB>transfer LE and HE Currents to target_t: 50743.1.1
[28.06.2021 15:10:35]Information>DB>transfer LE and HE Currents to target_t: 50744.1.1
[28.06.2021 15:10:35]Information>DB>transfer LE and HE Currents to target_t: 50745.1.1
[28.06.2021 15:10:35]Information>DB>transfer LE and HE Currents to target_t: 50746.1.1
[28.06.2021 15:10:35]Information>DB>transfer LE and HE Currents to target_t: 50752.1.1
[28.06.2021 15:10:35]Information>DB>transfer LE and HE Currents to target_t: 50753.1.1
[28.06.2021 15:10:35]Information>DB>transfer LE and HE Currents to target_t: 50754.1.1
[28.06.2021 15:10:35]Information>DB>transfer LE and HE Currents to target_t: 50755.1.1
[28.06.2021 15:10:35]Information>DB>transfer LE and HE Currents to target_t: 50756.1.1
[28.06.2021 15:10:35]Information>DB>transfer LE and HE Currents to target_t: 50757.1.1
[28.06.2021 15:10:35]Information>DB>transfer LE and HE Currents to target_t: 50758.1.1
[28.06.2021 15:10:35]Information>DB>transfer LE and HE Currents to target_t: 50759.1.1
[28.06.2021 15:10:35]Information>DB>transfer LE and HE Currents to target_t: 50760.1.1
[28.06.2021 15:10:36]Information>DB>transfer LE and HE Currents to target_t: 50761.1.1
[28.06.2021 15:10:36]Information>DB>transfer LE and HE Currents to target_t: 50762.1.1
[28.06.2021 15:10:36]Information>DB>transfer LE and HE Currents to target_t: 50763.1.1
[28.06.2021 15:10:36]Information>DB>transfer LE and HE Currents to target_t: 50793.1.1
[28.06.2021 15:10:36]Information>DB>transfer LE and HE Currents to target_t: 50794.1.1
[28.06.2021 15:10:36]Information>DB>transfer LE and HE Currents to target_t: 50795.1.1
[28.06.2021 15:10:36]Information>DB>transfer LE and HE Currents to target_t: 50796.1.1
[28.06.2021 15:10:36]Information>DB>transfer LE and HE Currents to target_t: 50797.1.1
[28.06.2021 15:10:36]Information>DB>transfer LE and HE Currents to target_t: 50798.1.1
[28.06.2021 15:10:36]Information>DB>transfer LE and HE Currents to target_t: 50799.1.1
[28.06.2021 15:10:36]Information>DB>transfer LE and HE Currents to target_t: 50800.1.1
[28.06.2021 15:10:36]Information>DB>transfer LE and HE Currents to target_t: 50802.1.1
[28.06.2021 15:10:36]Information>DB>transfer LE and HE Currents to target_t: 50839.1.1
[28.06.2021 15:10:37]Information>DB>transfer LE and HE Currents to target_t: 50840.1.1
[28.06.2021 15:10:37]Information>DB>transfer LE and HE Currents to target_t: 50841.1.1
[28.06.2021 15:10:37]Information>DB>Get data of all targets of selected magazine
[28.06.2021 15:10:37]Information>SQLQuery>SELECT sample_t.sample_nr, target_t.prep_nr, target_t.target_nr FROM sample_t  INNER JOIN target_t ON sample_t.sample_nr=target_t.sample_nr  WHERE target_t.magazine = "MA210407ICOS"
[28.06.2021 15:10:38]Information>DB>query db_dc14 Database for Le and He Currents
[28.06.2021 15:10:38]Information>DB>fill string grid with data from query
[28.06.2021 15:10:38]Information>DB>fill string grid with data from query
[28.06.2021 15:10:38]Information>DB>fill string grid with data from query
[28.06.2021 15:10:38]Information>DB>fill string grid with data from query
[28.06.2021 15:10:38]Information>DB>fill string grid with data from query
[28.06.2021 15:10:38]Information>DB>fill string grid with data from query
[28.06.2021 15:10:38]Information>DB>fill string grid with data from query
[28.06.2021 15:10:38]Information>DB>fill string grid with data from query
[28.06.2021 15:10:38]Information>DB>fill string grid with data from query
[28.06.2021 15:10:38]Information>DB>fill string grid with data from query
[28.06.2021 15:10:39]Information>DB>fill string grid with data from query
[28.06.2021 15:10:39]Information>DB>fill string grid with data from query
[28.06.2021 15:10:39]Information>DB>fill string grid with data from query
[28.06.2021 15:10:39]Information>DB>fill string grid with data from query
[28.06.2021 15:10:39]Information>DB>fill string grid with data from query
[28.06.2021 15:10:39]Information>DB>fill string grid with data from query
[28.06.2021 15:10:39]Information>DB>fill string grid with data from query
[28.06.2021 15:10:39]Information>DB>fill string grid with data from query
[28.06.2021 15:10:39]Information>DB>fill string grid with data from query
[28.06.2021 15:10:39]Information>DB>fill string grid with data from query
[28.06.2021 15:10:39]Information>DB>fill string grid with data from query
[28.06.2021 15:10:39]Information>DB>fill string grid with data from query
[28.06.2021 15:10:40]Information>DB>fill string grid with data from query
[28.06.2021 15:10:40]Information>DB>fill string grid with data from query
[28.06.2021 15:10:40]Information>DB>fill string grid with data from query
[28.06.2021 15:10:40]Information>DB>fill string grid with data from query
[28.06.2021 15:10:40]Information>DB>fill string grid with data from query
[28.06.2021 15:10:40]Information>DB>fill string grid with data from query
[28.06.2021 15:10:40]Information>DB>fill string grid with data from query
[28.06.2021 15:10:40]Information>DB>fill string grid with data from query
[28.06.2021 15:10:40]Information>DB>fill string grid with data from query
[28.06.2021 15:10:40]Information>DB>fill string grid with data from query
[28.06.2021 15:10:40]Information>DB>fill string grid with data from query
[28.06.2021 15:10:40]Information>DB>fill string grid with data from query
[28.06.2021 15:10:40]Information>DB>fill string grid with data from query
[28.06.2021 15:10:41]Information>DB>fill string grid with data from query
[28.06.2021 15:10:41]Information>DB>fill string grid with data from query
[28.06.2021 15:10:41]Information>DB>fill string grid with data from query
[28.06.2021 15:10:41]Information>DB>fill string grid with data from query
[28.06.2021 15:10:44]Information>DB>transfer LE and HE Currents to target_t: 50529.1.1
[28.06.2021 15:10:44]Information>DB>transfer LE and HE Currents to target_t: 50530.1.1
[28.06.2021 15:10:44]Information>DB>transfer LE and HE Currents to target_t: 50531.1.1
[28.06.2021 15:10:44]Information>DB>transfer LE and HE Currents to target_t: 50532.1.1
[28.06.2021 15:10:44]Information>DB>transfer LE and HE Currents to target_t: 50533.1.1
[28.06.2021 15:10:44]Information>DB>transfer LE and HE Currents to target_t: 50534.1.1
[28.06.2021 15:10:44]Information>DB>transfer LE and HE Currents to target_t: 50608.1.1
[28.06.2021 15:10:44]Information>DB>transfer LE and HE Currents to target_t: 50609.1.1
[28.06.2021 15:10:44]Information>DB>transfer LE and HE Currents to target_t: 50632.1.1
[28.06.2021 15:10:44]Information>DB>transfer LE and HE Currents to target_t: 50633.1.1
[28.06.2021 15:10:44]Information>DB>transfer LE and HE Currents to target_t: 50655.1.1
[28.06.2021 15:10:44]Information>DB>transfer LE and HE Currents to target_t: 50677.1.1
[28.06.2021 15:10:45]Information>DB>transfer LE and HE Currents to target_t: 50678.1.1
[28.06.2021 15:10:45]Information>DB>transfer LE and HE Currents to target_t: 50679.1.1
[28.06.2021 15:10:45]Information>DB>transfer LE and HE Currents to target_t: 50680.1.1
[28.06.2021 15:10:45]Information>DB>transfer LE and HE Currents to target_t: 50681.1.1
[28.06.2021 15:10:45]Information>DB>transfer LE and HE Currents to target_t: 50682.1.1
[28.06.2021 15:10:45]Information>DB>transfer LE and HE Currents to target_t: 50683.1.1
[28.06.2021 15:10:45]Information>DB>transfer LE and HE Currents to target_t: 50684.1.1
[28.06.2021 15:10:45]Information>DB>transfer LE and HE Currents to target_t: 50685.1.1
[28.06.2021 15:10:45]Information>DB>transfer LE and HE Currents to target_t: 50686.1.1
[28.06.2021 15:10:45]Information>DB>transfer LE and HE Currents to target_t: 50687.1.1
[28.06.2021 15:10:45]Information>DB>transfer LE and HE Currents to target_t: 50688.1.1
[28.06.2021 15:10:45]Information>DB>transfer LE and HE Currents to target_t: 50722.1.1
[28.06.2021 15:10:46]Information>DB>transfer LE and HE Currents to target_t: 50723.1.1
[28.06.2021 15:10:46]Information>DB>transfer LE and HE Currents to target_t: 50724.1.1
[28.06.2021 15:10:46]Information>DB>transfer LE and HE Currents to target_t: 50725.1.1
[28.06.2021 15:10:46]Information>DB>transfer LE and HE Currents to target_t: 50726.1.1
[28.06.2021 15:10:46]Information>DB>transfer LE and HE Currents to target_t: 50727.1.1
[28.06.2021 15:10:46]Information>DB>transfer LE and HE Currents to target_t: 50728.1.1
[28.06.2021 15:10:46]Information>DB>transfer LE and HE Currents to target_t: 50729.1.1
[28.06.2021 15:10:46]Information>DB>transfer LE and HE Currents to target_t: 50730.1.1
[28.06.2021 15:10:46]Information>DB>transfer LE and HE Currents to target_t: 50732.1.1
[28.06.2021 15:10:46]Information>DB>transfer LE and HE Currents to target_t: 50733.1.1
[28.06.2021 15:10:46]Information>DB>transfer LE and HE Currents to target_t: 50736.1.1
[28.06.2021 15:10:46]Information>DB>transfer LE and HE Currents to target_t: 50737.1.1
[28.06.2021 15:10:47]Information>DB>transfer LE and HE Currents to target_t: 50738.1.1
[28.06.2021 15:10:47]Information>DB>transfer LE and HE Currents to target_t: 50739.1.1
[28.06.2021 15:10:47]Information>DB>transfer LE and HE Currents to target_t: 50740.1.1
[28.06.2021 15:10:50]Information>Closeup>SAMS closed by user.
[19.07.2021 18:06:28]Information>Startup>starting Application
[19.07.2021 18:06:28]Information>Startup>DB - DataSource= db_dmams_KTL
[19.07.2021 18:06:28]Information>Startup>DB - UserID= rfriedrich
[19.07.2021 18:06:28]Information>Startup>connecting to DB at startup
[19.07.2021 18:06:35]Information>Startup>Connected to DB.
[19.07.2021 18:07:06]Information>Closeup>SAMS closed by user.
[19.07.2021 18:11:37]Information>Startup>starting Application
[19.07.2021 18:11:37]Information>Startup>DB - DataSource= db_dmams_KTL
[19.07.2021 18:11:37]Information>Startup>DB - UserID= rfriedrich
[19.07.2021 18:11:37]Information>Startup>connecting to DB at startup
[19.07.2021 18:11:37]Information>Startup>Connected to DB.
[19.07.2021 18:11:42]Information>Closeup>SAMS closed by user.
[20.07.2021 09:36:51]Information>Startup>starting Application
[20.07.2021 09:36:51]Information>Startup>DB - DataSource= db_dmams_KTL
[20.07.2021 09:36:51]Information>Startup>DB - UserID= rfriedrich
[20.07.2021 09:36:51]Information>Startup>connecting to DB at startup
[20.07.2021 09:36:51]Information>Startup>Connected to DB.
[20.07.2021 09:36:59]Information>Closeup>SAMS closed by user.
[20.07.2021 09:39:05]Information>Startup>starting Application
[20.07.2021 09:39:05]Information>Startup>DB - DataSource= db_dmams_KTL
[20.07.2021 09:39:05]Information>Startup>DB - UserID= rfriedrich
[20.07.2021 09:39:05]Information>Startup>connecting to DB at startup
[20.07.2021 09:39:05]Information>Startup>Connected to DB.
[20.07.2021 09:39:18]Information>Closeup>SAMS closed by user.
[20.07.2021 09:40:56]Information>Startup>starting Application
[20.07.2021 09:40:56]Information>Startup>DB - DataSource= db_dmams_KTL
[20.07.2021 09:40:56]Information>Startup>DB - UserID= rfriedrich
[20.07.2021 09:40:56]Information>Startup>connecting to DB at startup
[20.07.2021 09:40:56]Information>Startup>Connected to DB.
[20.07.2021 09:41:11]Information>Closeup>SAMS closed by user.
[20.07.2021 09:41:45]Information>Startup>starting Application
[20.07.2021 09:41:45]Information>Startup>DB - DataSource= db_dmams_KTL
[20.07.2021 09:41:45]Information>Startup>DB - UserID= rfriedrich
[20.07.2021 09:41:45]Information>Startup>connecting to DB at startup
[20.07.2021 09:41:46]Information>Startup>Connected to DB.
[20.07.2021 09:42:39]Information>Closeup>SAMS closed by user.
[20.07.2021 09:43:50]Information>Startup>starting Application
[20.07.2021 09:43:50]Information>Startup>DB - DataSource= db_dmams_KTL
[20.07.2021 09:43:50]Information>Startup>DB - UserID= rfriedrich
[20.07.2021 09:43:50]Information>Startup>connecting to DB at startup
[20.07.2021 09:43:50]Information>Startup>Connected to DB.
[20.07.2021 09:44:22]Information>Closeup>SAMS closed by user.
[20.07.2021 09:44:35]Information>Startup>starting Application
[20.07.2021 09:44:35]Information>Startup>DB - DataSource= db_dmams_KTL
[20.07.2021 09:44:35]Information>Startup>DB - UserID= rfriedrich
[20.07.2021 09:44:35]Information>Startup>connecting to DB at startup
[20.07.2021 09:44:35]Information>Startup>Connected to DB.
[20.07.2021 09:45:01]Information>Closeup>SAMS closed by user.
[20.07.2021 09:45:23]Information>Startup>starting Application
[20.07.2021 09:45:23]Information>Startup>DB - DataSource= db_dmams_KTL
[20.07.2021 09:45:23]Information>Startup>DB - UserID= rfriedrich
[20.07.2021 09:45:23]Information>Startup>connecting to DB at startup
[20.07.2021 09:45:23]Information>Startup>Connected to DB.
[20.07.2021 09:47:03]Information>SQLQuery>UPDATE preparation_t SET prep_comment=NULL WHERE sample_nr=48173 AND prep_nr=1;
[20.07.2021 09:47:11]Information>SQLQuery>UPDATE preparation_t SET prep_comment=NULL WHERE sample_nr=48172 AND prep_nr=1;
[20.07.2021 09:47:19]Information>SQLQuery>UPDATE preparation_t SET prep_comment=NULL WHERE sample_nr=48174 AND prep_nr=1;
[20.07.2021 09:47:27]Information>SQLQuery>UPDATE preparation_t SET prep_comment=NULL WHERE sample_nr=48175 AND prep_nr=1;
[20.07.2021 09:47:35]Information>SQLQuery>UPDATE preparation_t SET prep_comment=NULL WHERE sample_nr=48176 AND prep_nr=1;
[20.07.2021 09:47:42]Information>SQLQuery>UPDATE preparation_t SET prep_comment=NULL WHERE sample_nr=48177 AND prep_nr=1;
[20.07.2021 09:47:49]Information>SQLQuery>UPDATE preparation_t SET prep_comment=NULL WHERE sample_nr=48178 AND prep_nr=1;
[20.07.2021 09:47:56]Information>SQLQuery>UPDATE preparation_t SET prep_comment=NULL WHERE sample_nr=48179 AND prep_nr=1;
[20.07.2021 09:48:03]Information>SQLQuery>UPDATE preparation_t SET prep_comment=NULL WHERE sample_nr=48180 AND prep_nr=1;
[20.07.2021 09:48:09]Information>SQLQuery>UPDATE preparation_t SET prep_comment=NULL WHERE sample_nr=48181 AND prep_nr=1;
[20.07.2021 09:48:40]Information>Closeup>SAMS closed by user.
[20.07.2021 09:49:02]Information>Startup>starting Application
[20.07.2021 09:49:02]Information>Startup>DB - DataSource= db_dmams_KTL
[20.07.2021 09:49:03]Information>Startup>DB - UserID= rfriedrich
[20.07.2021 09:49:03]Information>Startup>connecting to DB at startup
[20.07.2021 09:49:03]Information>Startup>Connected to DB.
[20.07.2021 09:49:17]Information>Closeup>SAMS closed by user.
[20.07.2021 09:49:40]Information>Startup>starting Application
[20.07.2021 09:49:40]Information>Startup>DB - DataSource= db_dmams_KTL
[20.07.2021 09:49:40]Information>Startup>DB - UserID= rfriedrich
[20.07.2021 09:49:40]Information>Startup>connecting to DB at startup
[20.07.2021 09:49:40]Information>Startup>Connected to DB.
[20.07.2021 09:50:11]Error>Exception>UnitName: System.SysUtils -- ClassName: EAccessViolation -- StackTrace:  -- Message: Zugriffsverletzung bei Adresse 00000000 in Modul 'SAMS_v1.exe'. Lesen von Adresse 00000000
[20.07.2021 09:50:14]Error>Exception>UnitName: System.SysUtils -- ClassName: EAccessViolation -- StackTrace:  -- Message: Zugriffsverletzung bei Adresse 00000000 in Modul 'SAMS_v1.exe'. Lesen von Adresse 00000000
[20.07.2021 09:50:16]Error>Exception>UnitName: System.SysUtils -- ClassName: EInvalidPointer -- StackTrace:  -- Message: Ungültige Zeigeroperation
[20.07.2021 09:50:20]Information>Closeup>SAMS closed by user.
[20.07.2021 09:51:32]Information>Startup>starting Application
[20.07.2021 09:51:32]Information>Startup>DB - DataSource= db_dmams_KTL
[20.07.2021 09:51:32]Information>Startup>DB - UserID= rfriedrich
[20.07.2021 09:51:32]Information>Startup>connecting to DB at startup
[20.07.2021 09:51:32]Information>Startup>Connected to DB.
[20.07.2021 09:52:12]Error>Exception>UnitName: System.SysUtils -- ClassName: EAccessViolation -- StackTrace:  -- Message: Zugriffsverletzung bei Adresse 00000000 in Modul 'SAMS_v1.exe'. Lesen von Adresse 00000000
[20.07.2021 09:52:17]Error>Exception>UnitName: System.SysUtils -- ClassName: EAccessViolation -- StackTrace:  -- Message: Zugriffsverletzung bei Adresse 00000000 in Modul 'SAMS_v1.exe'. Lesen von Adresse 00000000
[20.07.2021 09:52:19]Error>Exception>UnitName: System.SysUtils -- ClassName: EInvalidPointer -- StackTrace:  -- Message: Ungültige Zeigeroperation
[20.07.2021 09:52:21]Error>Exception>UnitName: System.SysUtils -- ClassName: EInvalidPointer -- StackTrace:  -- Message: Ungültige Zeigeroperation
[20.07.2021 09:52:23]Error>Exception>UnitName: System.SysUtils -- ClassName: EInvalidPointer -- StackTrace:  -- Message: Ungültige Zeigeroperation
[20.07.2021 09:52:25]Error>Exception>UnitName: System.SysUtils -- ClassName: EInvalidPointer -- StackTrace:  -- Message: Ungültige Zeigeroperation
[20.07.2021 09:52:27]Error>Exception>UnitName: System.SysUtils -- ClassName: EInvalidPointer -- StackTrace:  -- Message: Ungültige Zeigeroperation
[20.07.2021 09:52:29]Error>Exception>UnitName: System.SysUtils -- ClassName: EInvalidPointer -- StackTrace:  -- Message: Ungültige Zeigeroperation
[20.07.2021 09:52:30]Error>Exception>UnitName: System.SysUtils -- ClassName: EInvalidPointer -- StackTrace:  -- Message: Ungültige Zeigeroperation
[20.07.2021 09:52:31]Error>Exception>UnitName: System.SysUtils -- ClassName: EInvalidPointer -- StackTrace:  -- Message: Ungültige Zeigeroperation
[20.07.2021 09:52:31]Error>Exception>UnitName: WCamera -- ClassName: EWCameraError -- StackTrace:  -- Message: Cannot perform this operation on inactive camera component
[20.07.2021 09:58:03]Information>Closeup>SAMS closed by user.
[20.07.2021 10:01:15]Information>Startup>starting Application
[20.07.2021 10:01:19]Information>Startup>DB - DataSource= db_dmams_KTL
[20.07.2021 10:01:19]Information>Startup>DB - UserID= rfriedrich
[20.07.2021 10:01:19]Information>Startup>connecting to DB at startup
[20.07.2021 10:01:19]Information>Startup>Connected to DB.
[20.07.2021 10:02:00]Information>Closeup>SAMS closed by user.
[20.07.2021 10:04:58]Information>Startup>starting Application
[20.07.2021 10:05:01]Information>Startup>DB - DataSource= db_dmams_KTL
[20.07.2021 10:05:01]Information>Startup>DB - UserID= rfriedrich
[20.07.2021 10:05:01]Information>Startup>connecting to DB at startup
[20.07.2021 10:05:01]Information>Startup>Connected to DB.
[20.07.2021 10:05:37]Information>Closeup>SAMS closed by user.
[20.07.2021 10:07:29]Information>Startup>starting Application
[20.07.2021 10:07:32]Information>Startup>DB - DataSource= db_dmams_KTL
[20.07.2021 10:07:32]Information>Startup>DB - UserID= rfriedrich
[20.07.2021 10:07:32]Information>Startup>connecting to DB at startup
[20.07.2021 10:07:32]Information>Startup>Connected to DB.
[20.07.2021 10:08:11]Information>Closeup>SAMS closed by user.
[20.07.2021 10:12:27]Information>Startup>starting Application
[20.07.2021 10:12:27]Information>Startup>DB - DataSource= db_dmams_KTL
[20.07.2021 10:12:27]Information>Startup>DB - UserID= rfriedrich
[20.07.2021 10:12:27]Information>Startup>connecting to DB at startup
[20.07.2021 10:12:28]Information>Startup>Connected to DB.
[20.07.2021 10:12:36]Information>Closeup>SAMS closed by user.
[20.07.2021 10:13:23]Information>Startup>starting Application
[20.07.2021 10:13:23]Information>Startup>DB - DataSource= db_dmams_KTL
[20.07.2021 10:13:24]Information>Startup>DB - UserID= rfriedrich
[20.07.2021 10:13:24]Information>Startup>connecting to DB at startup
[20.07.2021 10:13:24]Information>Startup>Connected to DB.
[20.07.2021 10:13:36]Information>Closeup>SAMS closed by user.
[20.07.2021 10:17:14]Information>Startup>starting Application
[20.07.2021 10:17:14]Information>Startup>DB - DataSource= db_dmams_KTL
[20.07.2021 10:17:14]Information>Startup>DB - UserID= rfriedrich
[20.07.2021 10:17:14]Information>Startup>connecting to DB at startup
[20.07.2021 10:17:14]Information>Startup>Connected to DB.
[20.07.2021 10:18:04]Information>Closeup>SAMS closed by user.
[20.07.2021 10:18:33]Information>Startup>starting Application
[20.07.2021 10:18:33]Information>Startup>DB - DataSource= db_dmams_KTL
[20.07.2021 10:18:33]Information>Startup>DB - UserID= rfriedrich
[20.07.2021 10:18:33]Information>Startup>connecting to DB at startup
[20.07.2021 10:18:33]Information>Startup>Connected to DB.
[20.07.2021 10:18:57]Error>Exception>UnitName: System.SysUtils -- ClassName: EAccessViolation -- StackTrace:  -- Message: Zugriffsverletzung bei Adresse 00000000 in Modul 'SAMS_v1.exe'. Lesen von Adresse 00000000
[20.07.2021 10:19:12]Error>Exception>UnitName: System.SysUtils -- ClassName: EAccessViolation -- StackTrace:  -- Message: Zugriffsverletzung bei Adresse 00000000 in Modul 'SAMS_v1.exe'. Lesen von Adresse 00000000
[20.07.2021 10:19:16]Error>Exception>UnitName: WCamera -- ClassName: EWCameraError -- StackTrace:  -- Message: Cannot perform this operation on inactive camera component
[20.07.2021 10:19:18]Error>Exception>UnitName: WCamera -- ClassName: EWCameraError -- StackTrace:  -- Message: Cannot perform this operation on inactive camera component
[20.07.2021 10:19:20]Error>Exception>UnitName: WCamera -- ClassName: EWCameraError -- StackTrace:  -- Message: Cannot perform this operation on inactive camera component
[20.07.2021 10:19:22]Error>Exception>UnitName: WCamera -- ClassName: EWCameraError -- StackTrace:  -- Message: Cannot perform this operation on inactive camera component
[20.07.2021 10:19:30]Error>Exception>UnitName: WCamera -- ClassName: EWCameraError -- StackTrace:  -- Message: Cannot perform this operation on inactive camera component
[20.07.2021 10:19:32]Error>Exception>UnitName: WCamera -- ClassName: EWCameraError -- StackTrace:  -- Message: Cannot perform this operation on inactive camera component
[20.07.2021 10:19:35]Error>Exception>UnitName: WCamera -- ClassName: EWCameraError -- StackTrace:  -- Message: Cannot perform this operation on inactive camera component
[20.07.2021 10:19:49]Information>Closeup>SAMS closed by user.
[20.07.2021 10:29:01]Information>Startup>starting Application
[20.07.2021 10:29:01]Information>Startup>DB - DataSource= db_dmams_KTL
[20.07.2021 10:29:01]Information>Startup>DB - UserID= rfriedrich
[20.07.2021 10:29:01]Information>Startup>connecting to DB at startup
[20.07.2021 10:29:01]Information>Startup>Connected to DB.
[20.07.2021 10:29:26]Error>Exception>UnitName: System.SysUtils -- ClassName: EAccessViolation -- StackTrace:  -- Message: Zugriffsverletzung bei Adresse 00000000 in Modul 'SAMS_v1.exe'. Lesen von Adresse 00000000
[20.07.2021 10:29:33]Error>Exception>UnitName: WCamera -- ClassName: EWCameraError -- StackTrace:  -- Message: Cannot perform this operation on inactive camera component
[20.07.2021 10:29:36]Error>Exception>UnitName: WCamera -- ClassName: EWCameraError -- StackTrace:  -- Message: Cannot perform this operation on inactive camera component
[20.07.2021 10:29:41]Error>Exception>UnitName: WCamera -- ClassName: EWCameraError -- StackTrace:  -- Message: Cannot perform this operation on inactive camera component
[20.07.2021 10:29:44]Error>Exception>UnitName: WCamera -- ClassName: EWCameraError -- StackTrace:  -- Message: Cannot perform this operation on inactive camera component
[20.07.2021 10:29:45]Error>Exception>UnitName: WCamera -- ClassName: EWCameraError -- StackTrace:  -- Message: Cannot perform this operation on inactive camera component
[20.07.2021 10:29:46]Error>Exception>UnitName: WCamera -- ClassName: EWCameraError -- StackTrace:  -- Message: Cannot perform this operation on inactive camera component
[20.07.2021 10:29:47]Error>Exception>UnitName: WCamera -- ClassName: EWCameraError -- StackTrace:  -- Message: Cannot perform this operation on inactive camera component
[20.07.2021 10:29:49]Error>Exception>UnitName: WCamera -- ClassName: EWCameraError -- StackTrace:  -- Message: Cannot perform this operation on inactive camera component
[20.07.2021 10:29:51]Error>Exception>UnitName: WCamera -- ClassName: EWCameraError -- StackTrace:  -- Message: Cannot perform this operation on inactive camera component
[20.07.2021 10:29:52]Error>Exception>UnitName: WCamera -- ClassName: EWCameraError -- StackTrace:  -- Message: Cannot perform this operation on inactive camera component
[20.07.2021 10:29:52]Error>Exception>UnitName: WCamera -- ClassName: EWCameraError -- StackTrace:  -- Message: Cannot perform this operation on inactive camera component
[20.07.2021 10:29:53]Error>Exception>UnitName: WCamera -- ClassName: EWCameraError -- StackTrace:  -- Message: Cannot perform this operation on inactive camera component
[20.07.2021 10:29:56]Error>Exception>UnitName: WCamera -- ClassName: EWCameraError -- StackTrace:  -- Message: Cannot perform this operation on inactive camera component
[20.07.2021 10:29:56]Error>Exception>UnitName: WCamera -- ClassName: EWCameraError -- StackTrace:  -- Message: Cannot perform this operation on inactive camera component
[20.07.2021 10:29:57]Error>Exception>UnitName: WCamera -- ClassName: EWCameraError -- StackTrace:  -- Message: Cannot perform this operation on inactive camera component
[20.07.2021 10:29:58]Error>Exception>UnitName: WCamera -- ClassName: EWCameraError -- StackTrace:  -- Message: Cannot perform this operation on inactive camera component
[20.07.2021 10:29:59]Error>Exception>UnitName: WCamera -- ClassName: EWCameraError -- StackTrace:  -- Message: Cannot perform this operation on inactive camera component
[20.07.2021 10:30:02]Error>Exception>UnitName: WCamera -- ClassName: EWCameraError -- StackTrace:  -- Message: Cannot perform this operation on inactive camera component
[20.07.2021 10:30:04]Error>Exception>UnitName: WCamera -- ClassName: EWCameraError -- StackTrace:  -- Message: Cannot perform this operation on inactive camera component
[20.07.2021 10:30:07]Error>Exception>UnitName: WCamera -- ClassName: EWCameraError -- StackTrace:  -- Message: Cannot perform this operation on inactive camera component
[20.07.2021 10:30:08]Error>Exception>UnitName: WCamera -- ClassName: EWCameraError -- StackTrace:  -- Message: Cannot perform this operation on inactive camera component
[20.07.2021 10:30:10]Error>Exception>UnitName: WCamera -- ClassName: EWCameraError -- StackTrace:  -- Message: Cannot perform this operation on inactive camera component
[20.07.2021 10:30:12]Error>Exception>UnitName: WCamera -- ClassName: EWCameraError -- StackTrace:  -- Message: Cannot perform this operation on inactive camera component
[20.07.2021 10:30:14]Error>Exception>UnitName: WCamera -- ClassName: EWCameraError -- StackTrace:  -- Message: Cannot perform this operation on inactive camera component
[20.07.2021 10:30:22]Information>Closeup>SAMS closed by user.
[20.07.2021 10:31:53]Information>Startup>starting Application
[20.07.2021 10:31:53]Information>Startup>DB - DataSource= db_dmams_KTL
[20.07.2021 10:31:53]Information>Startup>DB - UserID= rfriedrich
[20.07.2021 10:31:53]Information>Startup>connecting to DB at startup
[20.07.2021 10:31:53]Information>Startup>Connected to DB.
[20.07.2021 10:34:45]Error>Exception>UnitName: System.SysUtils -- ClassName: EAccessViolation -- StackTrace:  -- Message: Zugriffsverletzung bei Adresse 00000000 in Modul 'SAMS_v1.exe'. Lesen von Adresse 00000000
[20.07.2021 10:35:15]Error>Exception>UnitName: System.SysUtils -- ClassName: EAccessViolation -- StackTrace:  -- Message: Zugriffsverletzung bei Adresse 00000000 in Modul 'SAMS_v1.exe'. Lesen von Adresse 00000000
[20.07.2021 10:35:23]Error>Exception>UnitName: System.SysUtils -- ClassName: EInvalidPointer -- StackTrace:  -- Message: Ungültige Zeigeroperation
[20.07.2021 10:35:30]Information>Closeup>SAMS closed by user.
[20.07.2021 10:36:06]Information>Startup>starting Application
[20.07.2021 10:36:06]Information>Startup>DB - DataSource= db_dmams_KTL
[20.07.2021 10:36:06]Information>Startup>DB - UserID= rfriedrich
[20.07.2021 10:36:06]Information>Startup>connecting to DB at startup
[20.07.2021 10:36:06]Information>Startup>Connected to DB.
[20.07.2021 10:36:55]Information>Closeup>SAMS closed by user.
[20.07.2021 10:40:07]Information>Startup>starting Application
[20.07.2021 10:40:07]Information>Startup>DB - DataSource= db_dmams_KTL
[20.07.2021 10:40:07]Information>Startup>DB - UserID= rfriedrich
[20.07.2021 10:40:07]Information>Startup>connecting to DB at startup
[20.07.2021 10:40:07]Information>Startup>Connected to DB.
[20.07.2021 10:40:18]Error>Exception>UnitName: System.SysUtils -- ClassName: EInvalidPointer -- StackTrace:  -- Message: Ungültige Zeigeroperation
[20.07.2021 10:40:21]Error>Exception>UnitName: System.SysUtils -- ClassName: EInvalidPointer -- StackTrace:  -- Message: Ungültige Zeigeroperation
[20.07.2021 10:40:27]Information>Closeup>SAMS closed by user.
[20.07.2021 10:40:51]Information>Startup>starting Application
[20.07.2021 10:40:51]Information>Startup>DB - DataSource= db_dmams_KTL
[20.07.2021 10:40:51]Information>Startup>DB - UserID= rfriedrich
[20.07.2021 10:40:51]Information>Startup>connecting to DB at startup
[20.07.2021 10:40:52]Information>Startup>Connected to DB.
[20.07.2021 10:41:01]Error>Exception>UnitName: System.SysUtils -- ClassName: EInvalidPointer -- StackTrace:  -- Message: Ungültige Zeigeroperation
[20.07.2021 10:41:06]Information>Closeup>SAMS closed by user.
[20.07.2021 10:41:24]Information>Startup>starting Application
[20.07.2021 10:41:24]Information>Startup>DB - DataSource= db_dmams_KTL
[20.07.2021 10:41:24]Information>Startup>DB - UserID= rfriedrich
[20.07.2021 10:41:24]Information>Startup>connecting to DB at startup
[20.07.2021 10:41:24]Information>Startup>Connected to DB.
[20.07.2021 10:41:40]Error>Exception>UnitName: System.SysUtils -- ClassName: EAccessViolation -- StackTrace:  -- Message: Zugriffsverletzung bei Adresse 00000000 in Modul 'SAMS_v1.exe'. Lesen von Adresse 00000000
[20.07.2021 10:41:52]Error>Exception>UnitName: WCamera -- ClassName: EWCameraError -- StackTrace:  -- Message: Cannot perform this operation on inactive camera component
[20.07.2021 10:41:54]Error>Exception>UnitName: WCamera -- ClassName: EWCameraError -- StackTrace:  -- Message: Cannot perform this operation on inactive camera component
[20.07.2021 10:42:05]Error>Exception>UnitName: WCamera -- ClassName: EWCameraError -- StackTrace:  -- Message: Cannot perform this operation on inactive camera component
[20.07.2021 10:42:19]Error>Exception>UnitName: WCamera -- ClassName: EWCameraError -- StackTrace:  -- Message: Cannot perform this operation on inactive camera component
[20.07.2021 10:42:35]Information>Closeup>SAMS closed by user.
[20.07.2021 10:42:43]Information>Startup>starting Application
[20.07.2021 10:42:43]Information>Startup>DB - DataSource= db_dmams_KTL
[20.07.2021 10:42:43]Information>Startup>DB - UserID= rfriedrich
[20.07.2021 10:42:43]Information>Startup>connecting to DB at startup
[20.07.2021 10:42:44]Information>Startup>Connected to DB.
[20.07.2021 10:42:49]Information>Closeup>SAMS closed by user.
[20.07.2021 10:44:11]Information>Startup>starting Application
[20.07.2021 10:44:11]Information>Startup>DB - DataSource= db_dmams_KTL
[20.07.2021 10:44:11]Information>Startup>DB - UserID= rfriedrich
[20.07.2021 10:44:11]Information>Startup>connecting to DB at startup
[20.07.2021 10:44:12]Information>Startup>Connected to DB.
[20.07.2021 10:44:28]Error>Exception>UnitName: System.SysUtils -- ClassName: EAccessViolation -- StackTrace:  -- Message: Zugriffsverletzung bei Adresse 00000000 in Modul 'SAMS_v1.exe'. Lesen von Adresse 00000000
[20.07.2021 10:45:01]Error>Exception>UnitName: System.SysUtils -- ClassName: EAccessViolation -- StackTrace:  -- Message: Zugriffsverletzung bei Adresse 00000000 in Modul 'SAMS_v1.exe'. Lesen von Adresse 00000000
[20.07.2021 10:45:08]Error>Exception>UnitName: System.SysUtils -- ClassName: EInvalidPointer -- StackTrace:  -- Message: Ungültige Zeigeroperation
[20.07.2021 10:45:22]Information>Closeup>SAMS closed by user.
[20.07.2021 13:31:00]Information>Startup>starting Application
[20.07.2021 13:31:00]Information>Startup>DB - DataSource= db_dmams_KTL
[20.07.2021 13:31:00]Information>Startup>DB - UserID= rfriedrich
[20.07.2021 13:31:00]Information>Startup>connecting to DB at startup
[20.07.2021 13:31:01]Information>Startup>Connected to DB.
[20.07.2021 13:31:17]Error>Exception>UnitName: System.SysUtils -- ClassName: EAccessViolation -- StackTrace:  -- Message: Zugriffsverletzung bei Adresse 00657287 in Modul 'SAMS_v1.exe'. Lesen von Adresse 00000010
[20.07.2021 13:31:31]Error>Exception>UnitName: System.SysUtils -- ClassName: EAccessViolation -- StackTrace:  -- Message: Zugriffsverletzung bei Adresse 00657287 in Modul 'SAMS_v1.exe'. Lesen von Adresse 00000010
[20.07.2021 13:31:36]Information>Closeup>SAMS closed by user.
[20.07.2021 13:43:47]Information>Startup>starting Application
[20.07.2021 13:43:47]Information>Startup>DB - DataSource= db_dmams_KTL
[20.07.2021 13:43:47]Information>Startup>DB - UserID= rfriedrich
[20.07.2021 13:43:47]Information>Startup>connecting to DB at startup
[20.07.2021 13:43:47]Information>Startup>Connected to DB.
[20.07.2021 13:44:04]Error>Exception>UnitName: System.SysUtils -- ClassName: EAccessViolation -- StackTrace:  -- Message: Zugriffsverletzung bei Adresse 00AC99C8 in Modul 'SAMS_v1.exe'. Lesen von Adresse 0000001C
[20.07.2021 13:44:06]Error>Exception>UnitName: System.SysUtils -- ClassName: EAccessViolation -- StackTrace:  -- Message: Zugriffsverletzung bei Adresse 00000000 in Modul 'SAMS_v1.exe'. Lesen von Adresse 00000000
[20.07.2021 13:44:19]Error>Exception>UnitName: System.SysUtils -- ClassName: EAccessViolation -- StackTrace:  -- Message: Zugriffsverletzung bei Adresse 00AC99C8 in Modul 'SAMS_v1.exe'. Lesen von Adresse 0000001C
[20.07.2021 13:44:26]Error>Exception>UnitName: System.SysUtils -- ClassName: EAccessViolation -- StackTrace:  -- Message: Zugriffsverletzung bei Adresse 00AC99C8 in Modul 'SAMS_v1.exe'. Lesen von Adresse 0000001C
[20.07.2021 13:44:28]Error>Exception>UnitName: System.SysUtils -- ClassName: EAccessViolation -- StackTrace:  -- Message: Zugriffsverletzung bei Adresse 00AC99C8 in Modul 'SAMS_v1.exe'. Lesen von Adresse 0000001C
[20.07.2021 13:44:29]Error>Exception>UnitName: System.SysUtils -- ClassName: EAccessViolation -- StackTrace:  -- Message: Zugriffsverletzung bei Adresse 00AC99C8 in Modul 'SAMS_v1.exe'. Lesen von Adresse 0000001C
[20.07.2021 13:44:31]Error>Exception>UnitName: System.SysUtils -- ClassName: EAccessViolation -- StackTrace:  -- Message: Zugriffsverletzung bei Adresse 00AC99C8 in Modul 'SAMS_v1.exe'. Lesen von Adresse 0000001C
[20.07.2021 13:44:32]Error>Exception>UnitName: System.SysUtils -- ClassName: EAccessViolation -- StackTrace:  -- Message: Zugriffsverletzung bei Adresse 00AC99C8 in Modul 'SAMS_v1.exe'. Lesen von Adresse 0000001C
[20.07.2021 13:44:33]Error>Exception>UnitName: System.SysUtils -- ClassName: EAccessViolation -- StackTrace:  -- Message: Zugriffsverletzung bei Adresse 00AC99C8 in Modul 'SAMS_v1.exe'. Lesen von Adresse 0000001C
[20.07.2021 13:44:33]Error>Exception>UnitName: System.SysUtils -- ClassName: EAccessViolation -- StackTrace:  -- Message: Zugriffsverletzung bei Adresse 00AC99C8 in Modul 'SAMS_v1.exe'. Lesen von Adresse 0000001C
[20.07.2021 13:44:35]Error>Exception>UnitName: System.SysUtils -- ClassName: EAccessViolation -- StackTrace:  -- Message: Zugriffsverletzung bei Adresse 00AC99C8 in Modul 'SAMS_v1.exe'. Lesen von Adresse 0000001C
[20.07.2021 13:44:36]Error>Exception>UnitName: System.SysUtils -- ClassName: EAccessViolation -- StackTrace:  -- Message: Zugriffsverletzung bei Adresse 00AC99C8 in Modul 'SAMS_v1.exe'. Lesen von Adresse 0000001C
[20.07.2021 13:44:37]Error>Exception>UnitName: System.SysUtils -- ClassName: EAccessViolation -- StackTrace:  -- Message: Zugriffsverletzung bei Adresse 00AC99C8 in Modul 'SAMS_v1.exe'. Lesen von Adresse 0000001C
[20.07.2021 13:44:37]Error>Exception>UnitName: System.SysUtils -- ClassName: EAccessViolation -- StackTrace:  -- Message: Zugriffsverletzung bei Adresse 00AC99C8 in Modul 'SAMS_v1.exe'. Lesen von Adresse 0000001C
[20.07.2021 13:44:38]Error>Exception>UnitName: System.SysUtils -- ClassName: EAccessViolation -- StackTrace:  -- Message: Zugriffsverletzung bei Adresse 00AC99C8 in Modul 'SAMS_v1.exe'. Lesen von Adresse 0000001C
[20.07.2021 13:44:39]Error>Exception>UnitName: System.SysUtils -- ClassName: EAccessViolation -- StackTrace:  -- Message: Zugriffsverletzung bei Adresse 00AC99C8 in Modul 'SAMS_v1.exe'. Lesen von Adresse 0000001C
[20.07.2021 13:44:40]Error>Exception>UnitName: System.SysUtils -- ClassName: EAccessViolation -- StackTrace:  -- Message: Zugriffsverletzung bei Adresse 00AC99C8 in Modul 'SAMS_v1.exe'. Lesen von Adresse 0000001C
[20.07.2021 13:44:41]Error>Exception>UnitName: System.SysUtils -- ClassName: EAccessViolation -- StackTrace:  -- Message: Zugriffsverletzung bei Adresse 00AC99C8 in Modul 'SAMS_v1.exe'. Lesen von Adresse 0000001C
[20.07.2021 13:44:42]Error>Exception>UnitName: System.SysUtils -- ClassName: EAccessViolation -- StackTrace:  -- Message: Zugriffsverletzung bei Adresse 00AC99C8 in Modul 'SAMS_v1.exe'. Lesen von Adresse 0000001C
[20.07.2021 13:44:48]Information>Closeup>SAMS closed by user.
[20.07.2021 13:45:40]Information>Startup>starting Application
[20.07.2021 13:45:40]Information>Startup>DB - DataSource= db_dmams_KTL
[20.07.2021 13:45:40]Information>Startup>DB - UserID= rfriedrich
[20.07.2021 13:45:40]Information>Startup>connecting to DB at startup
[20.07.2021 13:45:40]Information>Startup>Connected to DB.
[20.07.2021 13:45:57]Error>Exception>UnitName: System.SysUtils -- ClassName: EAccessViolation -- StackTrace:  -- Message: Zugriffsverletzung bei Adresse 00AC99C8 in Modul 'SAMS_v1.exe'. Lesen von Adresse 0000001C
[20.07.2021 13:45:59]Error>Exception>UnitName: System.SysUtils -- ClassName: EAccessViolation -- StackTrace:  -- Message: Zugriffsverletzung bei Adresse 00000000 in Modul 'SAMS_v1.exe'. Lesen von Adresse 00000000
[20.07.2021 13:46:14]Error>Exception>UnitName: System.SysUtils -- ClassName: EAccessViolation -- StackTrace:  -- Message: Zugriffsverletzung bei Adresse 00AC99C8 in Modul 'SAMS_v1.exe'. Lesen von Adresse 0000001C
[20.07.2021 13:46:20]Information>Closeup>SAMS closed by user.
[20.07.2021 13:46:28]Information>Startup>starting Application
[20.07.2021 13:46:28]Information>Startup>DB - DataSource= db_dmams_KTL
[20.07.2021 13:46:28]Information>Startup>DB - UserID= rfriedrich
[20.07.2021 13:46:28]Information>Startup>connecting to DB at startup
[20.07.2021 13:46:28]Information>Startup>Connected to DB.
[20.07.2021 13:47:22]Information>Startup>starting Application
[20.07.2021 13:47:22]Information>Startup>DB - DataSource= db_dmams_KTL
[20.07.2021 13:47:22]Information>Startup>DB - UserID= rfriedrich
[20.07.2021 13:47:22]Information>Startup>connecting to DB at startup
[20.07.2021 13:47:22]Information>Startup>Connected to DB.
[20.07.2021 13:49:53]Error>Exception>UnitName: System.SysUtils -- ClassName: EAccessViolation -- StackTrace:  -- Message: Zugriffsverletzung bei Adresse 00AC99D0 in Modul 'SAMS_v1.exe'. Lesen von Adresse 0000001C
[20.07.2021 13:50:10]Error>Exception>UnitName: System.SysUtils -- ClassName: EAccessViolation -- StackTrace:  -- Message: Zugriffsverletzung bei Adresse 00000000 in Modul 'SAMS_v1.exe'. Lesen von Adresse 00000000
[20.07.2021 13:52:05]Information>Startup>starting Application
[20.07.2021 13:52:05]Information>Startup>DB - DataSource= db_dmams_KTL
[20.07.2021 13:52:05]Information>Startup>DB - UserID= rfriedrich
[20.07.2021 13:52:05]Information>Startup>connecting to DB at startup
[20.07.2021 13:52:05]Information>Startup>Connected to DB.
[20.07.2021 13:53:46]Information>Startup>starting Application
[20.07.2021 13:53:46]Information>Startup>DB - DataSource= db_dmams_KTL
[20.07.2021 13:53:46]Information>Startup>DB - UserID= rfriedrich
[20.07.2021 13:53:46]Information>Startup>connecting to DB at startup
[20.07.2021 13:53:46]Information>Startup>Connected to DB.
[20.07.2021 13:55:41]Information>Startup>starting Application
[20.07.2021 13:55:41]Information>Startup>DB - DataSource= db_dmams_KTL
[20.07.2021 13:55:41]Information>Startup>DB - UserID= rfriedrich
[20.07.2021 13:55:41]Information>Startup>connecting to DB at startup
[20.07.2021 13:55:42]Information>Startup>Connected to DB.
[20.07.2021 13:57:08]Error>Exception>UnitName: System.SysUtils -- ClassName: EAccessViolation -- StackTrace:  -- Message: Zugriffsverletzung bei Adresse 00AC99D0 in Modul 'SAMS_v1.exe'. Lesen von Adresse 0000001C
[20.07.2021 13:58:41]Information>Startup>starting Application
[20.07.2021 13:58:41]Information>Startup>DB - DataSource= db_dmams_KTL
[20.07.2021 13:58:42]Information>Startup>DB - UserID= rfriedrich
[20.07.2021 13:58:42]Information>Startup>connecting to DB at startup
[20.07.2021 13:58:42]Information>Startup>Connected to DB.
[20.07.2021 14:00:27]Information>Startup>starting Application
[20.07.2021 14:00:27]Information>Startup>DB - DataSource= db_dmams_KTL
[20.07.2021 14:00:27]Information>Startup>DB - UserID= rfriedrich
[20.07.2021 14:00:27]Information>Startup>connecting to DB at startup
[20.07.2021 14:00:27]Information>Startup>Connected to DB.
[20.07.2021 14:00:43]Error>Exception>UnitName: System.SysUtils -- ClassName: EAccessViolation -- StackTrace:  -- Message: Zugriffsverletzung bei Adresse 00ACCDA5 in Modul 'SAMS_v1.exe'. Lesen von Adresse 00000000
[20.07.2021 14:00:48]Error>Exception>UnitName: System.SysUtils -- ClassName: EAccessViolation -- StackTrace:  -- Message: Zugriffsverletzung bei Adresse 00AC99D0 in Modul 'SAMS_v1.exe'. Lesen von Adresse 0000001C
[20.07.2021 14:00:50]Error>Exception>UnitName: System.SysUtils -- ClassName: EAccessViolation -- StackTrace:  -- Message: Zugriffsverletzung bei Adresse 00AC99D0 in Modul 'SAMS_v1.exe'. Lesen von Adresse 0000001C
[20.07.2021 14:00:53]Error>Exception>UnitName: System.SysUtils -- ClassName: EAccessViolation -- StackTrace:  -- Message: Zugriffsverletzung bei Adresse 00AC99D0 in Modul 'SAMS_v1.exe'. Lesen von Adresse 0000001C
[20.07.2021 14:01:00]Information>Closeup>SAMS closed by user.
[20.07.2021 14:01:38]Information>Startup>starting Application
[20.07.2021 14:01:38]Information>Startup>DB - DataSource= db_dmams_KTL
[20.07.2021 14:01:38]Information>Startup>DB - UserID= rfriedrich
[20.07.2021 14:01:38]Information>Startup>connecting to DB at startup
[20.07.2021 14:01:38]Information>Startup>Connected to DB.
[20.07.2021 14:02:49]Information>Startup>starting Application
[20.07.2021 14:02:49]Information>Startup>DB - DataSource= db_dmams_KTL
[20.07.2021 14:02:49]Information>Startup>DB - UserID= rfriedrich
[20.07.2021 14:02:49]Information>Startup>connecting to DB at startup
[20.07.2021 14:02:49]Information>Startup>Connected to DB.
[20.07.2021 14:02:52]Information>Closeup>SAMS closed by user.
[20.07.2021 14:03:07]Information>Startup>starting Application
[20.07.2021 14:03:07]Information>Startup>DB - DataSource= db_dmams_KTL
[20.07.2021 14:03:07]Information>Startup>DB - UserID= rfriedrich
[20.07.2021 14:03:07]Information>Startup>connecting to DB at startup
[20.07.2021 14:03:07]Information>Startup>Connected to DB.
[20.07.2021 14:04:06]Information>Startup>starting Application
[20.07.2021 14:04:06]Information>Startup>DB - DataSource= db_dmams_KTL
[20.07.2021 14:04:06]Information>Startup>DB - UserID= rfriedrich
[20.07.2021 14:04:06]Information>Startup>connecting to DB at startup
[20.07.2021 14:04:07]Information>Startup>Connected to DB.
[20.07.2021 14:04:10]Information>Closeup>SAMS closed by user.
[20.07.2021 14:04:24]Information>Startup>starting Application
[20.07.2021 14:04:24]Information>Startup>DB - DataSource= db_dmams_KTL
[20.07.2021 14:04:24]Information>Startup>DB - UserID= rfriedrich
[20.07.2021 14:04:24]Information>Startup>connecting to DB at startup
[20.07.2021 14:04:24]Information>Startup>Connected to DB.
[20.07.2021 14:04:54]Information>Closeup>SAMS closed by user.
[20.07.2021 14:14:21]Information>Startup>starting Application
[20.07.2021 14:14:21]Information>Startup>DB - DataSource= db_dmams_KTL
[20.07.2021 14:14:21]Information>Startup>DB - UserID= rfriedrich
[20.07.2021 14:14:21]Information>Startup>connecting to DB at startup
[20.07.2021 14:14:21]Information>Startup>Connected to DB.
[20.07.2021 14:14:50]Information>Closeup>SAMS closed by user.
[20.07.2021 14:15:30]Information>Startup>starting Application
[20.07.2021 14:15:30]Information>Startup>DB - DataSource= db_dmams_KTL
[20.07.2021 14:15:30]Information>Startup>DB - UserID= rfriedrich
[20.07.2021 14:15:30]Information>Startup>connecting to DB at startup
[20.07.2021 14:15:30]Information>Startup>Connected to DB.
[20.07.2021 14:15:50]Information>Closeup>SAMS closed by user.
[20.07.2021 14:18:10]Information>Startup>starting Application
[20.07.2021 14:18:10]Information>Startup>DB - DataSource= db_dmams_KTL
[20.07.2021 14:18:10]Information>Startup>DB - UserID= rfriedrich
[20.07.2021 14:18:10]Information>Startup>connecting to DB at startup
[20.07.2021 14:18:10]Information>Startup>Connected to DB.
[20.07.2021 14:18:46]Information>Closeup>SAMS closed by user.
[20.07.2021 14:23:00]Information>Startup>starting Application
[20.07.2021 14:23:00]Information>Startup>DB - DataSource= db_dmams_KTL
[20.07.2021 14:23:00]Information>Startup>DB - UserID= rfriedrich
[20.07.2021 14:23:00]Information>Startup>connecting to DB at startup
[20.07.2021 14:23:00]Information>Startup>Connected to DB.
[20.07.2021 14:23:12]Error>Exception>UnitName: WCamera -- ClassName: EWCameraError -- StackTrace:  -- Message: Cannot perform this operation on inactive camera component
[20.07.2021 14:23:15]Error>Exception>UnitName: WCamera -- ClassName: EWCameraError -- StackTrace:  -- Message: Cannot perform this operation on inactive camera component
[20.07.2021 14:23:31]Information>Closeup>SAMS closed by user.
[20.07.2021 14:25:53]Information>Startup>starting Application
[20.07.2021 14:25:53]Information>Startup>DB - DataSource= db_dmams_KTL
[20.07.2021 14:25:53]Information>Startup>DB - UserID= rfriedrich
[20.07.2021 14:25:54]Information>Startup>connecting to DB at startup
[20.07.2021 14:25:54]Information>Startup>Connected to DB.
[20.07.2021 14:26:09]Information>Closeup>SAMS closed by user.
[20.07.2021 14:26:16]Information>Startup>starting Application
[20.07.2021 14:26:16]Information>Startup>DB - DataSource= db_dmams_KTL
[20.07.2021 14:26:16]Information>Startup>DB - UserID= rfriedrich
[20.07.2021 14:26:17]Information>Startup>connecting to DB at startup
[20.07.2021 14:26:17]Information>Startup>Connected to DB.
[20.07.2021 14:26:48]Information>Closeup>SAMS closed by user.
[20.07.2021 14:27:35]Information>Startup>starting Application
[20.07.2021 14:27:35]Information>Startup>DB - DataSource= db_dmams_KTL
[20.07.2021 14:27:35]Information>Startup>DB - UserID= rfriedrich
[20.07.2021 14:27:35]Information>Startup>connecting to DB at startup
[20.07.2021 14:27:36]Information>Startup>Connected to DB.
[20.07.2021 14:28:01]Information>Closeup>SAMS closed by user.
[20.07.2021 14:28:18]Information>Startup>starting Application
[20.07.2021 14:28:18]Information>Startup>DB - DataSource= db_dmams_KTL
[20.07.2021 14:28:18]Information>Startup>DB - UserID= rfriedrich
[20.07.2021 14:28:18]Information>Startup>connecting to DB at startup
[20.07.2021 14:28:18]Information>Startup>Connected to DB.
[20.07.2021 14:28:45]Information>Closeup>SAMS closed by user.
[20.07.2021 14:43:10]Information>Startup>starting Application
[20.07.2021 14:43:10]Information>Startup>DB - DataSource= db_dmams_KTL
[20.07.2021 14:43:10]Information>Startup>DB - UserID= rfriedrich
[20.07.2021 14:43:10]Information>Startup>connecting to DB at startup
[20.07.2021 14:43:10]Information>Startup>Connected to DB.
[20.07.2021 14:45:25]Information>Startup>starting Application
[20.07.2021 14:45:25]Information>Startup>DB - DataSource= db_dmams_KTL
[20.07.2021 14:45:25]Information>Startup>DB - UserID= rfriedrich
[20.07.2021 14:45:25]Information>Startup>connecting to DB at startup
[20.07.2021 14:45:25]Information>Startup>Connected to DB.
[20.07.2021 14:46:36]Information>Closeup>SAMS closed by user.
[20.07.2021 14:49:40]Information>Startup>starting Application
[20.07.2021 14:49:40]Information>Startup>DB - DataSource= db_dmams_KTL
[20.07.2021 14:49:40]Information>Startup>DB - UserID= rfriedrich
[20.07.2021 14:49:40]Information>Startup>connecting to DB at startup
[20.07.2021 14:49:41]Information>Startup>Connected to DB.
[20.07.2021 14:49:50]Error>Exception>UnitName: WCamera -- ClassName: EWCameraError -- StackTrace:  -- Message: Camera device 'k' not found
[20.07.2021 14:50:17]Information>Closeup>SAMS closed by user.
[20.07.2021 14:54:34]Information>Startup>starting Application
[20.07.2021 14:54:34]Information>Startup>DB - DataSource= db_dmams_KTL
[20.07.2021 14:54:34]Information>Startup>DB - UserID= rfriedrich
[20.07.2021 14:54:34]Information>Startup>connecting to DB at startup
[20.07.2021 14:54:34]Information>Startup>Connected to DB.
[20.07.2021 14:54:40]Error>Exception>UnitName: WCamera -- ClassName: EWCameraError -- StackTrace:  -- Message: Camera device '+' not found
[20.07.2021 14:55:59]Information>Closeup>SAMS closed by user.
[20.07.2021 14:58:00]Information>Startup>starting Application
[20.07.2021 14:58:00]Information>Startup>DB - DataSource= db_dmams_KTL
[20.07.2021 14:58:00]Information>Startup>DB - UserID= rfriedrich
[20.07.2021 14:58:00]Information>Startup>connecting to DB at startup
[20.07.2021 14:58:00]Information>Startup>Connected to DB.
[20.07.2021 14:58:25]Information>Closeup>SAMS closed by user.
[23.07.2021 13:30:39]Information>Startup>starting Application
[23.07.2021 13:30:39]Information>Startup>DB - DataSource= db_dmams_KTL
[23.07.2021 13:30:39]Information>Startup>DB - UserID= rfriedrich
[23.07.2021 13:30:39]Information>Startup>connecting to DB at startup
[23.07.2021 13:30:40]Information>Startup>Connected to DB.
[23.07.2021 13:31:24]Information>Closeup>SAMS closed by user.
[23.07.2021 13:32:21]Information>Startup>starting Application
[23.07.2021 13:32:21]Information>Startup>DB - DataSource= db_dmams_KTL
[23.07.2021 13:32:21]Information>Startup>DB - UserID= rfriedrich
[23.07.2021 13:32:21]Information>Startup>connecting to DB at startup
[23.07.2021 13:32:21]Information>Startup>Connected to DB.
[23.07.2021 13:32:50]Information>Closeup>SAMS closed by user.
[23.07.2021 13:34:21]Information>Startup>starting Application
[23.07.2021 13:34:21]Information>Startup>DB - DataSource= db_dmams_KTL
[23.07.2021 13:34:21]Information>Startup>DB - UserID= rfriedrich
[23.07.2021 13:34:21]Information>Startup>connecting to DB at startup
[23.07.2021 13:34:21]Information>Startup>Connected to DB.
[23.07.2021 13:34:45]Information>Closeup>SAMS closed by user.
[23.07.2021 13:36:35]Information>Startup>starting Application
[23.07.2021 13:36:35]Information>Startup>DB - DataSource= db_dmams_KTL
[23.07.2021 13:36:35]Information>Startup>DB - UserID= rfriedrich
[23.07.2021 13:36:36]Information>Startup>connecting to DB at startup
[23.07.2021 13:36:36]Information>Startup>Connected to DB.
[23.07.2021 13:36:59]Information>Closeup>SAMS closed by user.
[23.07.2021 13:37:43]Information>Startup>starting Application
[23.07.2021 13:37:43]Information>Startup>DB - DataSource= db_dmams_KTL
[23.07.2021 13:37:43]Information>Startup>DB - UserID= rfriedrich
[23.07.2021 13:37:43]Information>Startup>connecting to DB at startup
[23.07.2021 13:37:43]Information>Startup>Connected to DB.
[23.07.2021 13:38:09]Information>Closeup>SAMS closed by user.
[23.07.2021 13:40:41]Information>Startup>starting Application
[23.07.2021 13:40:41]Information>Startup>DB - DataSource= db_dmams_KTL
[23.07.2021 13:40:41]Information>Startup>DB - UserID= rfriedrich
[23.07.2021 13:40:41]Information>Startup>connecting to DB at startup
[23.07.2021 13:40:41]Information>Startup>Connected to DB.
[23.07.2021 13:41:17]Information>Closeup>SAMS closed by user.
[23.07.2021 13:42:44]Information>Startup>starting Application
[23.07.2021 13:42:44]Information>Startup>DB - DataSource= db_dmams_KTL
[23.07.2021 13:42:44]Information>Startup>DB - UserID= rfriedrich
[23.07.2021 13:42:44]Information>Startup>connecting to DB at startup
[23.07.2021 13:42:44]Information>Startup>Connected to DB.
[23.07.2021 13:43:14]Information>Closeup>SAMS closed by user.
[23.07.2021 13:45:22]Information>Startup>starting Application
[23.07.2021 13:45:22]Information>Startup>DB - DataSource= db_dmams_KTL
[23.07.2021 13:45:22]Information>Startup>DB - UserID= rfriedrich
[23.07.2021 13:45:22]Information>Startup>connecting to DB at startup
[23.07.2021 13:45:22]Information>Startup>Connected to DB.
[23.07.2021 13:45:47]Information>Closeup>SAMS closed by user.
[30.07.2021 08:55:57]Information>Startup>starting Application
[30.07.2021 08:55:57]Information>Startup>DB - DataSource= db_dmams_KTL
[30.07.2021 08:55:57]Information>Startup>DB - UserID= rfriedrich
[30.07.2021 08:55:57]Information>Startup>connecting to DB at startup
[30.07.2021 08:55:57]Information>Startup>Connected to DB.
[30.07.2021 08:56:18]Information>Closeup>SAMS closed by user.
[30.07.2021 09:02:33]Information>Startup>starting Application
[30.07.2021 09:02:33]Information>Startup>DB - DataSource= db_dmams_KTL
[30.07.2021 09:02:33]Information>Startup>DB - UserID= rfriedrich
[30.07.2021 09:02:33]Information>Startup>connecting to DB at startup
[30.07.2021 09:02:33]Information>Startup>Connected to DB.
[30.07.2021 09:03:03]Information>Closeup>SAMS closed by user.
[30.07.2021 09:03:45]Information>Startup>starting Application
[30.07.2021 09:03:45]Information>Startup>DB - DataSource= db_dmams_KTL
[30.07.2021 09:03:45]Information>Startup>DB - UserID= rfriedrich
[30.07.2021 09:03:45]Information>Startup>connecting to DB at startup
[30.07.2021 09:03:45]Information>Startup>Connected to DB.
[30.07.2021 09:04:08]Information>Closeup>SAMS closed by user.
[30.07.2021 09:05:02]Information>Startup>starting Application
[30.07.2021 09:05:02]Information>Startup>DB - DataSource= db_dmams_KTL
[30.07.2021 09:05:02]Information>Startup>DB - UserID= rfriedrich
[30.07.2021 09:05:02]Information>Startup>connecting to DB at startup
[30.07.2021 09:05:03]Information>Startup>Connected to DB.
[30.07.2021 09:05:22]Information>Closeup>SAMS closed by user.
[30.07.2021 09:25:04]Information>Startup>starting Application
[30.07.2021 09:25:04]Information>Startup>DB - DataSource= db_dmams_KTL
[30.07.2021 09:25:04]Information>Startup>DB - UserID= rfriedrich
[30.07.2021 09:25:04]Information>Startup>connecting to DB at startup
[30.07.2021 09:25:04]Information>Startup>Connected to DB.
[30.07.2021 09:25:24]Information>Closeup>SAMS closed by user.
[30.07.2021 09:26:13]Information>Startup>starting Application
[30.07.2021 09:26:13]Information>Startup>DB - DataSource= db_dmams_KTL
[30.07.2021 09:26:13]Information>Startup>DB - UserID= rfriedrich
[30.07.2021 09:26:13]Information>Startup>connecting to DB at startup
[30.07.2021 09:26:13]Information>Startup>Connected to DB.
[30.07.2021 09:26:37]Information>Closeup>SAMS closed by user.
[04.08.2021 11:44:11]Information>Startup>starting Application
[04.08.2021 11:44:11]Information>Startup>DB - DataSource= db_dmams_KTL
[04.08.2021 11:44:11]Information>Startup>DB - UserID= rfriedrich
[04.08.2021 11:44:11]Information>Startup>connecting to DB at startup
[04.08.2021 11:44:12]Information>Startup>Connected to DB.
[04.08.2021 11:44:26]Information>Closeup>SAMS closed by user.
[04.08.2021 11:46:58]Information>Startup>starting Application
[04.08.2021 11:46:58]Information>Startup>DB - DataSource= db_dmams_KTL
[04.08.2021 11:46:58]Information>Startup>DB - UserID= rfriedrich
[04.08.2021 11:46:58]Information>Startup>connecting to DB at startup
[04.08.2021 11:46:59]Information>Startup>Connected to DB.
[04.08.2021 11:47:49]Information>Closeup>SAMS closed by user.
[04.08.2021 11:48:15]Information>Startup>starting Application
[04.08.2021 11:48:15]Information>Startup>DB - DataSource= db_dmams_KTL
[04.08.2021 11:48:16]Information>Startup>DB - UserID= rfriedrich
[04.08.2021 11:48:16]Information>Startup>connecting to DB at startup
[04.08.2021 11:48:16]Information>Startup>Connected to DB.
[04.08.2021 11:48:27]Information>Closeup>SAMS closed by user.
[04.08.2021 11:48:40]Information>Startup>starting Application
[04.08.2021 11:48:40]Information>Startup>DB - DataSource= db_dmams_KTL
[04.08.2021 11:48:40]Information>Startup>DB - UserID= rfriedrich
[04.08.2021 11:48:40]Information>Startup>connecting to DB at startup
[04.08.2021 11:48:40]Information>Startup>Connected to DB.
[04.08.2021 11:49:38]Information>Closeup>SAMS closed by user.
[04.08.2021 11:53:11]Information>Startup>starting Application
[04.08.2021 11:53:11]Information>Startup>DB - DataSource= db_dmams_KTL
[04.08.2021 11:53:11]Information>Startup>DB - UserID= rfriedrich
[04.08.2021 11:53:11]Information>Startup>connecting to DB at startup
[04.08.2021 11:53:11]Information>Startup>Connected to DB.
[04.08.2021 11:53:35]Information>Closeup>SAMS closed by user.
[04.08.2021 11:54:00]Information>Startup>starting Application
[04.08.2021 11:54:00]Information>Startup>DB - DataSource= db_dmams_KTL
[04.08.2021 11:54:00]Information>Startup>DB - UserID= rfriedrich
[04.08.2021 11:54:00]Information>Startup>connecting to DB at startup
[04.08.2021 11:54:01]Information>Startup>Connected to DB.
[04.08.2021 11:54:31]Information>Closeup>SAMS closed by user.
[04.08.2021 11:55:57]Information>Startup>starting Application
[04.08.2021 11:55:57]Information>Startup>DB - DataSource= db_dmams_KTL
[04.08.2021 11:55:57]Information>Startup>DB - UserID= rfriedrich
[04.08.2021 11:55:57]Information>Startup>connecting to DB at startup
[04.08.2021 11:55:57]Information>Startup>Connected to DB.
[04.08.2021 11:56:19]Information>Closeup>SAMS closed by user.
[04.08.2021 11:56:28]Information>Startup>starting Application
[04.08.2021 11:56:28]Information>Startup>DB - DataSource= db_dmams_KTL
[04.08.2021 11:56:28]Information>Startup>DB - UserID= rfriedrich
[04.08.2021 11:56:28]Information>Startup>connecting to DB at startup
[04.08.2021 11:56:28]Information>Startup>Connected to DB.
[04.08.2021 11:56:41]Information>Closeup>SAMS closed by user.
[04.08.2021 11:56:49]Information>Startup>starting Application
[04.08.2021 11:56:49]Information>Startup>DB - DataSource= db_dmams_KTL
[04.08.2021 11:56:49]Information>Startup>DB - UserID= rfriedrich
[04.08.2021 11:56:49]Information>Startup>connecting to DB at startup
[04.08.2021 11:56:50]Information>Startup>Connected to DB.
[04.08.2021 12:01:48]Information>Closeup>SAMS closed by user.
[04.08.2021 12:01:55]Information>Startup>starting Application
[04.08.2021 12:01:56]Information>Startup>DB - DataSource= db_dmams_KTL
[04.08.2021 12:01:56]Information>Startup>DB - UserID= rfriedrich
[04.08.2021 12:01:56]Information>Startup>connecting to DB at startup
[04.08.2021 12:01:56]Information>Startup>Connected to DB.
[04.08.2021 12:02:13]Error>Exception>UnitName: WCamera -- ClassName: EWCameraError -- StackTrace:  -- Message: Cannot retrieve 'IAMVideoProcAmp' interface
[04.08.2021 12:02:31]Information>Closeup>SAMS closed by user.
[04.08.2021 12:02:39]Information>Startup>starting Application
[04.08.2021 12:02:39]Information>Startup>DB - DataSource= db_dmams_KTL
[04.08.2021 12:02:39]Information>Startup>DB - UserID= rfriedrich
[04.08.2021 12:02:39]Information>Startup>connecting to DB at startup
[04.08.2021 12:02:39]Information>Startup>Connected to DB.
[04.08.2021 12:02:54]Information>Closeup>SAMS closed by user.
[04.08.2021 12:03:10]Information>Startup>starting Application
[04.08.2021 12:03:10]Information>Startup>DB - DataSource= db_dmams_KTL
[04.08.2021 12:03:10]Information>Startup>DB - UserID= rfriedrich
[04.08.2021 12:03:10]Information>Startup>connecting to DB at startup
[04.08.2021 12:03:10]Information>Startup>Connected to DB.
[04.08.2021 12:03:43]Error>Exception>UnitName: WCamera -- ClassName: EWCameraError -- StackTrace:  -- Message: Cannot retrieve 'IAMVideoProcAmp' interface
[04.08.2021 12:03:46]Information>Closeup>SAMS closed by user.
[04.08.2021 12:06:27]Information>Startup>starting Application
[04.08.2021 12:06:27]Information>Startup>DB - DataSource= db_dmams_KTL
[04.08.2021 12:06:27]Information>Startup>DB - UserID= rfriedrich
[04.08.2021 12:06:27]Information>Startup>connecting to DB at startup
[04.08.2021 12:06:27]Information>Startup>Connected to DB.
[04.08.2021 12:06:56]Error>Exception>UnitName: WCamera -- ClassName: EWCameraError -- StackTrace:  -- Message: Cannot retrieve 'IAMVideoProcAmp' interface
[04.08.2021 12:09:52]Information>Startup>starting Application
[04.08.2021 12:09:52]Information>Startup>DB - DataSource= db_dmams_KTL
[04.08.2021 12:09:52]Information>Startup>DB - UserID= rfriedrich
[04.08.2021 12:09:52]Information>Startup>connecting to DB at startup
[04.08.2021 12:09:52]Information>Startup>Connected to DB.
[04.08.2021 12:10:11]Information>Closeup>SAMS closed by user.
[04.08.2021 12:10:30]Information>Startup>starting Application
[04.08.2021 12:10:30]Information>Startup>DB - DataSource= db_dmams_KTL
[04.08.2021 12:10:30]Information>Startup>DB - UserID= rfriedrich
[04.08.2021 12:10:30]Information>Startup>connecting to DB at startup
[04.08.2021 12:10:31]Information>Startup>Connected to DB.
[04.08.2021 12:10:59]Information>Closeup>SAMS closed by user.
[04.08.2021 12:11:41]Information>Startup>starting Application
[04.08.2021 12:11:41]Information>Startup>DB - DataSource= db_dmams_KTL
[04.08.2021 12:11:41]Information>Startup>DB - UserID= rfriedrich
[04.08.2021 12:11:41]Information>Startup>connecting to DB at startup
[04.08.2021 12:11:42]Information>Startup>Connected to DB.
[04.08.2021 12:11:59]Information>Closeup>SAMS closed by user.
[04.08.2021 12:12:15]Information>Startup>starting Application
[04.08.2021 12:12:15]Information>Startup>DB - DataSource= db_dmams_KTL
[04.08.2021 12:12:15]Information>Startup>DB - UserID= rfriedrich
[04.08.2021 12:12:15]Information>Startup>connecting to DB at startup
[04.08.2021 12:12:15]Information>Startup>Connected to DB.
[04.08.2021 12:12:27]Information>Closeup>SAMS closed by user.
[04.08.2021 12:12:43]Information>Startup>starting Application
[04.08.2021 12:12:43]Information>Startup>DB - DataSource= db_dmams_KTL
[04.08.2021 12:12:43]Information>Startup>DB - UserID= rfriedrich
[04.08.2021 12:12:43]Information>Startup>connecting to DB at startup
[04.08.2021 12:12:43]Information>Startup>Connected to DB.
[04.08.2021 12:12:45]Information>Closeup>SAMS closed by user.
[04.08.2021 12:14:20]Information>Startup>starting Application
[04.08.2021 12:14:20]Information>Startup>DB - DataSource= db_dmams_KTL
[04.08.2021 12:14:20]Information>Startup>DB - UserID= rfriedrich
[04.08.2021 12:14:20]Information>Startup>connecting to DB at startup
[04.08.2021 12:14:20]Information>Startup>Connected to DB.
[04.08.2021 12:15:07]Information>Closeup>SAMS closed by user.
[04.08.2021 12:15:46]Information>Startup>starting Application
[04.08.2021 12:15:46]Information>Startup>DB - DataSource= db_dmams_KTL
[04.08.2021 12:15:46]Information>Startup>DB - UserID= rfriedrich
[04.08.2021 12:15:46]Information>Startup>connecting to DB at startup
[04.08.2021 12:15:46]Information>Startup>Connected to DB.
[04.08.2021 12:16:11]Information>Closeup>SAMS closed by user.
[04.08.2021 16:07:48]Information>Startup>starting Application
[04.08.2021 16:07:48]Information>Startup>DB - DataSource= db_dmams_KTL
[04.08.2021 16:07:48]Information>Startup>DB - UserID= rfriedrich
[04.08.2021 16:07:48]Information>Startup>connecting to DB at startup
[04.08.2021 16:07:48]Information>Startup>Connected to DB.
[04.08.2021 16:08:06]Information>Closeup>SAMS closed by user.
[04.08.2021 16:09:08]Information>Startup>starting Application
[04.08.2021 16:09:08]Information>Startup>DB - DataSource= db_dmams_KTL
[04.08.2021 16:09:08]Information>Startup>DB - UserID= rfriedrich
[04.08.2021 16:09:08]Information>Startup>connecting to DB at startup
[04.08.2021 16:09:08]Information>Startup>Connected to DB.
[04.08.2021 16:09:44]Information>Closeup>SAMS closed by user.
[04.08.2021 16:09:55]Information>Startup>starting Application
[04.08.2021 16:09:55]Information>Startup>DB - DataSource= db_dmams_KTL
[04.08.2021 16:09:55]Information>Startup>DB - UserID= rfriedrich
[04.08.2021 16:09:55]Information>Startup>connecting to DB at startup
[04.08.2021 16:09:55]Information>Startup>Connected to DB.
[04.08.2021 16:10:10]Information>Closeup>SAMS closed by user.
[04.08.2021 16:13:27]Information>Startup>starting Application
[04.08.2021 16:13:27]Information>Startup>DB - DataSource= db_dmams_KTL
[04.08.2021 16:13:27]Information>Startup>DB - UserID= rfriedrich
[04.08.2021 16:13:27]Information>Startup>connecting to DB at startup
[04.08.2021 16:13:27]Information>Startup>Connected to DB.
[04.08.2021 16:14:20]Information>Closeup>SAMS closed by user.
[04.08.2021 16:16:05]Information>Startup>starting Application
[04.08.2021 16:16:05]Information>Startup>DB - DataSource= db_dmams_KTL
[04.08.2021 16:16:05]Information>Startup>DB - UserID= rfriedrich
[04.08.2021 16:16:05]Information>Startup>connecting to DB at startup
[04.08.2021 16:16:05]Information>Startup>Connected to DB.
[04.08.2021 16:16:23]Information>Closeup>SAMS closed by user.
[04.08.2021 16:17:13]Information>Startup>starting Application
[04.08.2021 16:17:13]Information>Startup>DB - DataSource= db_dmams_KTL
[04.08.2021 16:17:13]Information>Startup>DB - UserID= rfriedrich
[04.08.2021 16:17:13]Information>Startup>connecting to DB at startup
[04.08.2021 16:17:13]Information>Startup>Connected to DB.
[04.08.2021 16:17:24]Information>Closeup>SAMS closed by user.
[04.08.2021 16:17:32]Information>Startup>starting Application
[04.08.2021 16:17:32]Information>Startup>DB - DataSource= db_dmams_KTL
[04.08.2021 16:17:32]Information>Startup>DB - UserID= rfriedrich
[04.08.2021 16:17:32]Information>Startup>connecting to DB at startup
[04.08.2021 16:17:32]Information>Startup>Connected to DB.
[04.08.2021 16:18:08]Information>Closeup>SAMS closed by user.
